gnuplot 4.6 patchlevel 4
Aligning contigs to reference...
	Aligning contigs to the reference
Parsing coords...
Loading reference...
	Loaded [chr19_new1]
Loading SNPs...
	Total Regions: 1
	Total Region Length: 599940
Analyzing contigs...
CONTIG: m2146_8263_CCS_0_722_0_60890_61290_38294_CR_i_52376_BX_Z_m0_5387_CCS_0_0_m0_5387_CCS_0_1_m0_5387_CCS_0_2_m0_5387_CCS_0_3_m0_5387_CCS_0_4_m0_5387_CCS_0_5_m0_5387_CCS_0_6_m0_5387_CCS_0_7_m0_5387_CCS_0_8_m0_5387_CCS_0_9_m0_5387_CCS_0_10_m0_5387_CCS_0_11_m0_5387_CCS_0_12_m0_5387_CCS_0_13_m0_5387_CCS_0_14_m1_3929_CCS_0_0_m1_3929_CCS_0_1_m1_3929_CCS_0_2_m1_3929_CCS_0_3_m1_3929_CCS_0_4_m1_3929_CCS_0_5_m1_3929_CCS_0_6_m1_3929_CCS_0_7_m1_3929_CCS_0_8_m1_3929_CCS_0_9_m1_3929_CCS_0_10_m10_3612_CCS_0_0_m10_3612_CCS_0_1_m10_3612_CCS_0_2_m10_3612_CCS_0_3_m10_3612_CCS_0_4_m10_3612_CCS_0_5_m10_3612_CCS_0_6_m10_3612_CCS_0_8_m10_3612_CCS_0_9_m100_13169_CCS_0_1_m100_13169_CCS_0_2_m100_13169_CCS_0_3_m100_13169_CCS_0_4_m100_13169_CCS_0_8_m100_13169_CCS_0_10_m100_13169_CCS_0_11_m100_13169_CCS_0_12_m100_13169_CCS_0_13_m100_13169_CCS_0_14_m100_13169_CCS_0_17_m100_13169_CCS_0_18_m100_13169_CCS_0_19_m100_13169_CCS_0_20_m100_13169_CCS_0_21_m100_13169_CCS_0_22_m100_13169_CCS_0_23_m100_13169_CCS_0_24_m100_13169_CCS_0_25_m100_13169_CCS (539226bp)
Best alignment score: 362111.3 (LEN: 362220, IDY: 99.97), Total number of alignments: 3
			Looking for the best set of alignments (out of 3 total alignments)
			The best set is below. Score: 538775.6, number of alignments: 3, unaligned bases: 0
		This contig is misassembled.
			Excluding internal overlap of size 1907 between Alignment 1 and 2: 60891 200432 | 1 139638 | 139542 139638 --> 60891 198525 | 1 137731 | 137635 137731
			Real Alignment 1: 60891 198525 | 1 137731 | 137635 137731 | 99.83 | chr19_new1 m2146_8263_CCS_0_722_0_60890_61290_38294_CR_i_52376_BX_Z_m0_5387_CCS_0_0_m0_5387_CCS_0_1_m0_5387_CCS_0_2_m0_5387_CCS_0_3_m0_5387_CCS_0_4_m0_5387_CCS_0_5_m0_5387_CCS_0_6_m0_5387_CCS_0_7_m0_5387_CCS_0_8_m0_5387_CCS_0_9_m0_5387_CCS_0_10_m0_5387_CCS_0_11_m0_5387_CCS_0_12_m0_5387_CCS_0_13_m0_5387_CCS_0_14_m1_3929_CCS_0_0_m1_3929_CCS_0_1_m1_3929_CCS_0_2_m1_3929_CCS_0_3_m1_3929_CCS_0_4_m1_3929_CCS_0_5_m1_3929_CCS_0_6_m1_3929_CCS_0_7_m1_3929_CCS_0_8_m1_3929_CCS_0_9_m1_3929_CCS_0_10_m10_3612_CCS_0_0_m10_3612_CCS_0_1_m10_3612_CCS_0_2_m10_3612_CCS_0_3_m10_3612_CCS_0_4_m10_3612_CCS_0_5_m10_3612_CCS_0_6_m10_3612_CCS_0_8_m10_3612_CCS_0_9_m100_13169_CCS_0_1_m100_13169_CCS_0_2_m100_13169_CCS_0_3_m100_13169_CCS_0_4_m100_13169_CCS_0_8_m100_13169_CCS_0_10_m100_13169_CCS_0_11_m100_13169_CCS_0_12_m100_13169_CCS_0_13_m100_13169_CCS_0_14_m100_13169_CCS_0_17_m100_13169_CCS_0_18_m100_13169_CCS_0_19_m100_13169_CCS_0_20_m100_13169_CCS_0_21_m100_13169_CCS_0_22_m100_13169_CCS_0_23_m100_13169_CCS_0_24_m100_13169_CCS_0_25_m100_13169_CCS
			  Overlap between these two alignments (local misassembly). Inconsistency = -194
			Excluding internal overlap of size 30386 between Alignment 2 and 3: 530165 599863 | 469566 539226 | 69699 69661 --> 560551 599863 | 499952 539226 | 39313 39275
			Real Alignment 2: 198332 560588 | 137732 499951 | 362257 362220 | 99.97 | chr19_new1 m2146_8263_CCS_0_722_0_60890_61290_38294_CR_i_52376_BX_Z_m0_5387_CCS_0_0_m0_5387_CCS_0_1_m0_5387_CCS_0_2_m0_5387_CCS_0_3_m0_5387_CCS_0_4_m0_5387_CCS_0_5_m0_5387_CCS_0_6_m0_5387_CCS_0_7_m0_5387_CCS_0_8_m0_5387_CCS_0_9_m0_5387_CCS_0_10_m0_5387_CCS_0_11_m0_5387_CCS_0_12_m0_5387_CCS_0_13_m0_5387_CCS_0_14_m1_3929_CCS_0_0_m1_3929_CCS_0_1_m1_3929_CCS_0_2_m1_3929_CCS_0_3_m1_3929_CCS_0_4_m1_3929_CCS_0_5_m1_3929_CCS_0_6_m1_3929_CCS_0_7_m1_3929_CCS_0_8_m1_3929_CCS_0_9_m1_3929_CCS_0_10_m10_3612_CCS_0_0_m10_3612_CCS_0_1_m10_3612_CCS_0_2_m10_3612_CCS_0_3_m10_3612_CCS_0_4_m10_3612_CCS_0_5_m10_3612_CCS_0_6_m10_3612_CCS_0_8_m10_3612_CCS_0_9_m100_13169_CCS_0_1_m100_13169_CCS_0_2_m100_13169_CCS_0_3_m100_13169_CCS_0_4_m100_13169_CCS_0_8_m100_13169_CCS_0_10_m100_13169_CCS_0_11_m100_13169_CCS_0_12_m100_13169_CCS_0_13_m100_13169_CCS_0_14_m100_13169_CCS_0_17_m100_13169_CCS_0_18_m100_13169_CCS_0_19_m100_13169_CCS_0_20_m100_13169_CCS_0_21_m100_13169_CCS_0_22_m100_13169_CCS_0_23_m100_13169_CCS_0_24_m100_13169_CCS_0_25_m100_13169_CCS
			  Indel (> 5bp) between these two alignments: insertion of length 38; 0 mismatches (number of Ns: 0)
			Real Alignment 3: 560551 599863 | 499952 539226 | 39313 39275 | 99.94 | chr19_new1 m2146_8263_CCS_0_722_0_60890_61290_38294_CR_i_52376_BX_Z_m0_5387_CCS_0_0_m0_5387_CCS_0_1_m0_5387_CCS_0_2_m0_5387_CCS_0_3_m0_5387_CCS_0_4_m0_5387_CCS_0_5_m0_5387_CCS_0_6_m0_5387_CCS_0_7_m0_5387_CCS_0_8_m0_5387_CCS_0_9_m0_5387_CCS_0_10_m0_5387_CCS_0_11_m0_5387_CCS_0_12_m0_5387_CCS_0_13_m0_5387_CCS_0_14_m1_3929_CCS_0_0_m1_3929_CCS_0_1_m1_3929_CCS_0_2_m1_3929_CCS_0_3_m1_3929_CCS_0_4_m1_3929_CCS_0_5_m1_3929_CCS_0_6_m1_3929_CCS_0_7_m1_3929_CCS_0_8_m1_3929_CCS_0_9_m1_3929_CCS_0_10_m10_3612_CCS_0_0_m10_3612_CCS_0_1_m10_3612_CCS_0_2_m10_3612_CCS_0_3_m10_3612_CCS_0_4_m10_3612_CCS_0_5_m10_3612_CCS_0_6_m10_3612_CCS_0_8_m10_3612_CCS_0_9_m100_13169_CCS_0_1_m100_13169_CCS_0_2_m100_13169_CCS_0_3_m100_13169_CCS_0_4_m100_13169_CCS_0_8_m100_13169_CCS_0_10_m100_13169_CCS_0_11_m100_13169_CCS_0_12_m100_13169_CCS_0_13_m100_13169_CCS_0_14_m100_13169_CCS_0_17_m100_13169_CCS_0_18_m100_13169_CCS_0_19_m100_13169_CCS_0_20_m100_13169_CCS_0_21_m100_13169_CCS_0_22_m100_13169_CCS_0_23_m100_13169_CCS_0_24_m100_13169_CCS_0_25_m100_13169_CCS

CONTIG: m2146_8263_CCS_0_0_0_60168_60568_30526_CR_i_9_BX_Z_m1697_19324_CCS_0_0_m1697_19324_CCS_0_1_m1921_9812_CCS_0_0_m1969_10176_CCS_0_1_m1969_10176_CCS_0_2_m2146_8263_CCS_0_0_m2146_8263_CCS_0_1_m296_7865_CCS_0_0_m568_10667_CCS_0_0_EX_Z_400__0_60168_60568_400__0_60439_60839_400__0_60493_60893_400__0_60529_60929_400__0_60591_60991_400__0_60627_61027_400__0_60679_61079_400__0_60800_61200_254_X145__0_60988_61388 (1220bp)
Best alignment score: 1219.0 (LEN: 1220, IDY: 99.92), Total number of alignments: 1
		One align captures most of this contig: 60169 61388 | 1 1220 | 1220 1220 | 99.92 | chr19_new1 m2146_8263_CCS_0_0_0_60168_60568_30526_CR_i_9_BX_Z_m1697_19324_CCS_0_0_m1697_19324_CCS_0_1_m1921_9812_CCS_0_0_m1969_10176_CCS_0_1_m1969_10176_CCS_0_2_m2146_8263_CCS_0_0_m2146_8263_CCS_0_1_m296_7865_CCS_0_0_m568_10667_CCS_0_0_EX_Z_400__0_60168_60568_400__0_60439_60839_400__0_60493_60893_400__0_60529_60929_400__0_60591_60991_400__0_60627_61027_400__0_60679_61079_400__0_60800_61200_254_X145__0_60988_61388

Analyzing coverage...
Writing SNPs into /home6/yuchungong/siga/build/benchmark/diploid_config_simlord/config1/siga/contigs_reports/nucmer_output/uniq-contigs-contigs-contigs-contigs-contigs.used_snps.gz
	Reference chr19_new1: 4 total alignments. 1 total regions.
		Region: 1 to 599940 (599940 bp)
			START in gap: 1 to 60169 (60168 bp)
			Align 1: 60169 61388 m2146_8263_CCS_0_0_0_60168_60568_30526_CR_i_9_BX_Z_m1697_19324_CCS_0_0_m1697_19324_CCS_0_1_m1921_9812_CCS_0_0_m1969_10176_CCS_0_1_m1969_10176_CCS_0_2_m2146_8263_CCS_0_0_m2146_8263_CCS_0_1_m296_7865_CCS_0_0_m568_10667_CCS_0_0_EX_Z_400__0_60168_60568_400__0_60439_60839_400__0_60493_60893_400__0_60529_60929_400__0_60591_60991_400__0_60627_61027_400__0_60679_61079_400__0_60800_61200_254_X145__0_60988_61388 1 1220
				Negative gap (overlap) between this and next alignment: 61388 to 60891 (-497 bp)
				Next Alignment: 60891 198525 m2146_8263_CCS_0_722_0_60890_61290_38294_CR_i_52376_BX_Z_m0_5387_CCS_0_0_m0_5387_CCS_0_1_m0_5387_CCS_0_2_m0_5387_CCS_0_3_m0_5387_CCS_0_4_m0_5387_CCS_0_5_m0_5387_CCS_0_6_m0_5387_CCS_0_7_m0_5387_CCS_0_8_m0_5387_CCS_0_9_m0_5387_CCS_0_10_m0_5387_CCS_0_11_m0_5387_CCS_0_12_m0_5387_CCS_0_13_m0_5387_CCS_0_14_m1_3929_CCS_0_0_m1_3929_CCS_0_1_m1_3929_CCS_0_2_m1_3929_CCS_0_3_m1_3929_CCS_0_4_m1_3929_CCS_0_5_m1_3929_CCS_0_6_m1_3929_CCS_0_7_m1_3929_CCS_0_8_m1_3929_CCS_0_9_m1_3929_CCS_0_10_m10_3612_CCS_0_0_m10_3612_CCS_0_1_m10_3612_CCS_0_2_m10_3612_CCS_0_3_m10_3612_CCS_0_4_m10_3612_CCS_0_5_m10_3612_CCS_0_6_m10_3612_CCS_0_8_m10_3612_CCS_0_9_m100_13169_CCS_0_1_m100_13169_CCS_0_2_m100_13169_CCS_0_3_m100_13169_CCS_0_4_m100_13169_CCS_0_8_m100_13169_CCS_0_10_m100_13169_CCS_0_11_m100_13169_CCS_0_12_m100_13169_CCS_0_13_m100_13169_CCS_0_14_m100_13169_CCS_0_17_m100_13169_CCS_0_18_m100_13169_CCS_0_19_m100_13169_CCS_0_20_m100_13169_CCS_0_21_m100_13169_CCS_0_22_m100_13169_CCS_0_23_m100_13169_CCS_0_24_m100_13169_CCS_0_25_m100_13169_CCS 1 137731

			Previous gap was negative, modifying coordinates to ignore overlap
				Moving contig start from 1 to 499.
			Align 2: 61389 198525 m2146_8263_CCS_0_722_0_60890_61290_38294_CR_i_52376_BX_Z_m0_5387_CCS_0_0_m0_5387_CCS_0_1_m0_5387_CCS_0_2_m0_5387_CCS_0_3_m0_5387_CCS_0_4_m0_5387_CCS_0_5_m0_5387_CCS_0_6_m0_5387_CCS_0_7_m0_5387_CCS_0_8_m0_5387_CCS_0_9_m0_5387_CCS_0_10_m0_5387_CCS_0_11_m0_5387_CCS_0_12_m0_5387_CCS_0_13_m0_5387_CCS_0_14_m1_3929_CCS_0_0_m1_3929_CCS_0_1_m1_3929_CCS_0_2_m1_3929_CCS_0_3_m1_3929_CCS_0_4_m1_3929_CCS_0_5_m1_3929_CCS_0_6_m1_3929_CCS_0_7_m1_3929_CCS_0_8_m1_3929_CCS_0_9_m1_3929_CCS_0_10_m10_3612_CCS_0_0_m10_3612_CCS_0_1_m10_3612_CCS_0_2_m10_3612_CCS_0_3_m10_3612_CCS_0_4_m10_3612_CCS_0_5_m10_3612_CCS_0_6_m10_3612_CCS_0_8_m10_3612_CCS_0_9_m100_13169_CCS_0_1_m100_13169_CCS_0_2_m100_13169_CCS_0_3_m100_13169_CCS_0_4_m100_13169_CCS_0_8_m100_13169_CCS_0_10_m100_13169_CCS_0_11_m100_13169_CCS_0_12_m100_13169_CCS_0_13_m100_13169_CCS_0_14_m100_13169_CCS_0_17_m100_13169_CCS_0_18_m100_13169_CCS_0_19_m100_13169_CCS_0_20_m100_13169_CCS_0_21_m100_13169_CCS_0_22_m100_13169_CCS_0_23_m100_13169_CCS_0_24_m100_13169_CCS_0_25_m100_13169_CCS 499 137731
				Negative gap (overlap) between this and next alignment: 198525 to 198332 (-193 bp)
				Next Alignment: 198332 560588 m2146_8263_CCS_0_722_0_60890_61290_38294_CR_i_52376_BX_Z_m0_5387_CCS_0_0_m0_5387_CCS_0_1_m0_5387_CCS_0_2_m0_5387_CCS_0_3_m0_5387_CCS_0_4_m0_5387_CCS_0_5_m0_5387_CCS_0_6_m0_5387_CCS_0_7_m0_5387_CCS_0_8_m0_5387_CCS_0_9_m0_5387_CCS_0_10_m0_5387_CCS_0_11_m0_5387_CCS_0_12_m0_5387_CCS_0_13_m0_5387_CCS_0_14_m1_3929_CCS_0_0_m1_3929_CCS_0_1_m1_3929_CCS_0_2_m1_3929_CCS_0_3_m1_3929_CCS_0_4_m1_3929_CCS_0_5_m1_3929_CCS_0_6_m1_3929_CCS_0_7_m1_3929_CCS_0_8_m1_3929_CCS_0_9_m1_3929_CCS_0_10_m10_3612_CCS_0_0_m10_3612_CCS_0_1_m10_3612_CCS_0_2_m10_3612_CCS_0_3_m10_3612_CCS_0_4_m10_3612_CCS_0_5_m10_3612_CCS_0_6_m10_3612_CCS_0_8_m10_3612_CCS_0_9_m100_13169_CCS_0_1_m100_13169_CCS_0_2_m100_13169_CCS_0_3_m100_13169_CCS_0_4_m100_13169_CCS_0_8_m100_13169_CCS_0_10_m100_13169_CCS_0_11_m100_13169_CCS_0_12_m100_13169_CCS_0_13_m100_13169_CCS_0_14_m100_13169_CCS_0_17_m100_13169_CCS_0_18_m100_13169_CCS_0_19_m100_13169_CCS_0_20_m100_13169_CCS_0_21_m100_13169_CCS_0_22_m100_13169_CCS_0_23_m100_13169_CCS_0_24_m100_13169_CCS_0_25_m100_13169_CCS 137732 499951

			Previous gap was negative, modifying coordinates to ignore overlap
				Moving contig start from 137732 to 137927.
			Align 3: 198526 560588 m2146_8263_CCS_0_722_0_60890_61290_38294_CR_i_52376_BX_Z_m0_5387_CCS_0_0_m0_5387_CCS_0_1_m0_5387_CCS_0_2_m0_5387_CCS_0_3_m0_5387_CCS_0_4_m0_5387_CCS_0_5_m0_5387_CCS_0_6_m0_5387_CCS_0_7_m0_5387_CCS_0_8_m0_5387_CCS_0_9_m0_5387_CCS_0_10_m0_5387_CCS_0_11_m0_5387_CCS_0_12_m0_5387_CCS_0_13_m0_5387_CCS_0_14_m1_3929_CCS_0_0_m1_3929_CCS_0_1_m1_3929_CCS_0_2_m1_3929_CCS_0_3_m1_3929_CCS_0_4_m1_3929_CCS_0_5_m1_3929_CCS_0_6_m1_3929_CCS_0_7_m1_3929_CCS_0_8_m1_3929_CCS_0_9_m1_3929_CCS_0_10_m10_3612_CCS_0_0_m10_3612_CCS_0_1_m10_3612_CCS_0_2_m10_3612_CCS_0_3_m10_3612_CCS_0_4_m10_3612_CCS_0_5_m10_3612_CCS_0_6_m10_3612_CCS_0_8_m10_3612_CCS_0_9_m100_13169_CCS_0_1_m100_13169_CCS_0_2_m100_13169_CCS_0_3_m100_13169_CCS_0_4_m100_13169_CCS_0_8_m100_13169_CCS_0_10_m100_13169_CCS_0_11_m100_13169_CCS_0_12_m100_13169_CCS_0_13_m100_13169_CCS_0_14_m100_13169_CCS_0_17_m100_13169_CCS_0_18_m100_13169_CCS_0_19_m100_13169_CCS_0_20_m100_13169_CCS_0_21_m100_13169_CCS_0_22_m100_13169_CCS_0_23_m100_13169_CCS_0_24_m100_13169_CCS_0_25_m100_13169_CCS 137927 499951
				Negative gap (overlap) between this and next alignment: 560588 to 560551 (-37 bp)
				Next Alignment: 560551 599863 m2146_8263_CCS_0_722_0_60890_61290_38294_CR_i_52376_BX_Z_m0_5387_CCS_0_0_m0_5387_CCS_0_1_m0_5387_CCS_0_2_m0_5387_CCS_0_3_m0_5387_CCS_0_4_m0_5387_CCS_0_5_m0_5387_CCS_0_6_m0_5387_CCS_0_7_m0_5387_CCS_0_8_m0_5387_CCS_0_9_m0_5387_CCS_0_10_m0_5387_CCS_0_11_m0_5387_CCS_0_12_m0_5387_CCS_0_13_m0_5387_CCS_0_14_m1_3929_CCS_0_0_m1_3929_CCS_0_1_m1_3929_CCS_0_2_m1_3929_CCS_0_3_m1_3929_CCS_0_4_m1_3929_CCS_0_5_m1_3929_CCS_0_6_m1_3929_CCS_0_7_m1_3929_CCS_0_8_m1_3929_CCS_0_9_m1_3929_CCS_0_10_m10_3612_CCS_0_0_m10_3612_CCS_0_1_m10_3612_CCS_0_2_m10_3612_CCS_0_3_m10_3612_CCS_0_4_m10_3612_CCS_0_5_m10_3612_CCS_0_6_m10_3612_CCS_0_8_m10_3612_CCS_0_9_m100_13169_CCS_0_1_m100_13169_CCS_0_2_m100_13169_CCS_0_3_m100_13169_CCS_0_4_m100_13169_CCS_0_8_m100_13169_CCS_0_10_m100_13169_CCS_0_11_m100_13169_CCS_0_12_m100_13169_CCS_0_13_m100_13169_CCS_0_14_m100_13169_CCS_0_17_m100_13169_CCS_0_18_m100_13169_CCS_0_19_m100_13169_CCS_0_20_m100_13169_CCS_0_21_m100_13169_CCS_0_22_m100_13169_CCS_0_23_m100_13169_CCS_0_24_m100_13169_CCS_0_25_m100_13169_CCS 499952 539226

			Previous gap was negative, modifying coordinates to ignore overlap
				Moving contig start from 499952 to 499990.
			Align 4: 560589 599863 m2146_8263_CCS_0_722_0_60890_61290_38294_CR_i_52376_BX_Z_m0_5387_CCS_0_0_m0_5387_CCS_0_1_m0_5387_CCS_0_2_m0_5387_CCS_0_3_m0_5387_CCS_0_4_m0_5387_CCS_0_5_m0_5387_CCS_0_6_m0_5387_CCS_0_7_m0_5387_CCS_0_8_m0_5387_CCS_0_9_m0_5387_CCS_0_10_m0_5387_CCS_0_11_m0_5387_CCS_0_12_m0_5387_CCS_0_13_m0_5387_CCS_0_14_m1_3929_CCS_0_0_m1_3929_CCS_0_1_m1_3929_CCS_0_2_m1_3929_CCS_0_3_m1_3929_CCS_0_4_m1_3929_CCS_0_5_m1_3929_CCS_0_6_m1_3929_CCS_0_7_m1_3929_CCS_0_8_m1_3929_CCS_0_9_m1_3929_CCS_0_10_m10_3612_CCS_0_0_m10_3612_CCS_0_1_m10_3612_CCS_0_2_m10_3612_CCS_0_3_m10_3612_CCS_0_4_m10_3612_CCS_0_5_m10_3612_CCS_0_6_m10_3612_CCS_0_8_m10_3612_CCS_0_9_m100_13169_CCS_0_1_m100_13169_CCS_0_2_m100_13169_CCS_0_3_m100_13169_CCS_0_4_m100_13169_CCS_0_8_m100_13169_CCS_0_10_m100_13169_CCS_0_11_m100_13169_CCS_0_12_m100_13169_CCS_0_13_m100_13169_CCS_0_14_m100_13169_CCS_0_17_m100_13169_CCS_0_18_m100_13169_CCS_0_19_m100_13169_CCS_0_20_m100_13169_CCS_0_21_m100_13169_CCS_0_22_m100_13169_CCS_0_23_m100_13169_CCS_0_24_m100_13169_CCS_0_25_m100_13169_CCS 499990 539226
			END in gap: 599863 to 599940 (77 bp).

Analysis is finished!
Founded SNPs were written into /home6/yuchungong/siga/build/benchmark/diploid_config_simlord/config1/siga/contigs_reports/nucmer_output/uniq-contigs-contigs-contigs-contigs-contigs.used_snps.gz

Results:
	Local Misassemblies: 1
	Misassemblies: 0
		Relocations: 0
		Translocations: 0
		Inversions: 0
	Misassembled Contigs: 0
	Misassembled Contig Bases: 0
	Misassemblies Inter-Contig Overlap: 0
Uncovered Regions: 0 (0)
Unaligned Contigs: 0 + 0 part
Half Unaligned Contigs with Misassemblies: 0
Unaligned Contig Bases: 0

Ambiguously Mapped Contigs: 0
Total Bases in Ambiguously Mapped Contigs: 0
Extra Bases in Ambiguously Mapped Contigs: 0
Note that --allow-ambiguity option was set to "one" and only first alignment per each of these contigs was used.

	Covered Bases: 539695

	SNPs: 1
	Insertions: 39
	Deletions: 42

	Positive Gaps: 2
		Internal Gaps: 0
		External Gaps: 2
		External Gap Total: 60245
		External Gap Average: 30122
	Negative Gaps: 3
		Internal Overlaps: 2
		External Overlaps: 1
		External Overlaps Total: -497
		External Overlaps Average: -497
	Contigs with Redundant Alignments: 0 (0)
