/public/dbu/yuchungong/quast-5.0.2/quast.py --large --fragmented -t 64 -m 400 -o ref -r /public/dbu/yuchungong/LRTK-SIM/resource/Z.mays.fa ref.fa

Version: 5.0.2

System information:
  OS: Linux-3.10.0-693.el7.x86_64-x86_64-with-centos-7.4.1708-Core (linux_64)
  Python version: 2.7.5
  CPUs number: 192

Started: 2021-07-31 07:33:25

Logging to /public/dbu/yuchungong/siga-0.10/build/benchmark/diploid_config_simlord_Z.mays/ref/quast.log

CWD: /public/dbu/yuchungong/siga-0.10/build/benchmark/diploid_config_simlord_Z.mays
Main parameters: 
  MODE: large, threads: 64, eukaryotic: true, minimum contig length: 400, minimum alignment length: 500, \
  ambiguity: one, threshold for extensive misassembly size: 7000

WARNING: Can't draw plots: python-matplotlib is missing or corrupted.

Reference:
  /public/dbu/yuchungong/LRTK-SIM/resource/Z.mays.fa ==> Z.mays

Contigs:
  Pre-processing...
  ref.fa ==> ref

2021-07-31 07:36:15
Running Basic statistics processor...
  Reference genome:
    Z.mays.fa, length = 2182786008, num fragments = 687, GC % = 46.77
  Contig files: 
    ref
  Calculating N50 and L50...
    ref, N50 = 47037903, L50 = 16, Total length = 2178974780, GC % = 46.77, # N's per 100 kbp =  0.00
Done.

2021-07-31 07:40:30
Running Contig analyzer...
  ref
  Logging to files /public/dbu/yuchungong/siga-0.10/build/benchmark/diploid_config_simlord_Z.mays/ref/contigs_reports/contigs_report_ref.stdout and contigs_report_ref.stderr...
  Aligning contigs to the reference
  /public/dbu/yuchungong/quast-5.0.2/quast_libs/minimap2/minimap2 -c -x asm5 --mask-level \
  0.9 --min-occ 200 -g 2500 --score-N 2 --cs -t 64 ref/quast_corrected_input/Z.mays.fa \
  ref/quast_corrected_input/ref.fa > ref/contigs_reports/minimap_output/ref.coords_tmp \
  2>> ref/contigs_reports/contigs_report_ref.stderr
  Analysis is finished.

  Creating total report...
    saved to /public/dbu/yuchungong/siga-0.10/build/benchmark/diploid_config_simlord_Z.mays/ref/contigs_reports/misassemblies_report.txt, misassemblies_report.tsv, and misassemblies_report.tex
  Transposed version of total report...
    saved to /public/dbu/yuchungong/siga-0.10/build/benchmark/diploid_config_simlord_Z.mays/ref/contigs_reports/transposed_report_misassemblies.txt, transposed_report_misassemblies.tsv, and transposed_report_misassemblies.tex
  Creating total report...
    saved to /public/dbu/yuchungong/siga-0.10/build/benchmark/diploid_config_simlord_Z.mays/ref/contigs_reports/unaligned_report.txt, unaligned_report.tsv, and unaligned_report.tex
Done.

2021-07-31 16:17:03
Running NA-NGA calculation...
  ref, Largest alignment = 128929007, NA50 = 47037903, NGA50 = 47037903, LA50 = 16, LGA50 = 16
Done.

2021-07-31 16:17:46
Running Genome analyzer...
  NOTICE: No file with genomic features were provided. Use the --features option if you want to specify it.

  NOTICE: No file with operons were provided. Use the -O option if you want to specify it.
  ref
  Analysis is finished.
Done.

NOTICE: Genes are not predicted by default. Use --gene-finding or --glimmer option to enable it.

2021-07-31 16:24:24
Creating large visual summaries...
This may take a while: press Ctrl-C to skip this step..
  1 of 1: Creating Icarus viewers...
Done

2021-07-31 16:25:00
RESULTS:
  Text versions of total report are saved to /public/dbu/yuchungong/siga-0.10/build/benchmark/diploid_config_simlord_Z.mays/ref/report.txt, report.tsv, and report.tex
  Text versions of transposed total report are saved to /public/dbu/yuchungong/siga-0.10/build/benchmark/diploid_config_simlord_Z.mays/ref/transposed_report.txt, transposed_report.tsv, and transposed_report.tex
  HTML version (interactive tables and plots) is saved to /public/dbu/yuchungong/siga-0.10/build/benchmark/diploid_config_simlord_Z.mays/ref/report.html
  Icarus (contig browser) is saved to /public/dbu/yuchungong/siga-0.10/build/benchmark/diploid_config_simlord_Z.mays/ref/icarus.html
  Log is saved to /public/dbu/yuchungong/siga-0.10/build/benchmark/diploid_config_simlord_Z.mays/ref/quast.log

Finished: 2021-07-31 16:25:00
Elapsed time: 8:51:34.611521
NOTICEs: 3; WARNINGs: 1; non-fatal ERRORs: 0

Thank you for using QUAST!
