/home/yuchungong/quast-5.0.2/quast.py --large --fragmented -t 18 -m 400 -o ref -r /home/yuchungong/LRTK-SIM/resource/F.ananassa.fa F.ananassa.fa

Version: 5.0.2, 0bb1dd1b

System information:
  OS: Linux-5.4.0-42-generic-x86_64-with-Ubuntu-18.04-bionic (linux_64)
  Python version: 2.7.17
  CPUs number: 112

Started: 2021-07-29 13:28:13

Logging to /home/yuchungong/siga/build/benchmark/diploid_config_simlord_F.ananassa/ref/quast.log

CWD: /home/yuchungong/siga/build/benchmark/diploid_config_simlord_F.ananassa
Main parameters: 
  MODE: large, threads: 18, eukaryotic: true, minimum contig length: 400, minimum alignment length: 500, \
  ambiguity: one, threshold for extensive misassembly size: 7000

WARNING: Can't draw plots: python-matplotlib is missing or corrupted.

Reference:
  /home/yuchungong/LRTK-SIM/resource/F.ananassa.fa ==> F.ananassa

Contigs:
  Pre-processing...
  F.ananassa.fa ==> F.ananassa

2021-07-29 13:28:44
Running Basic statistics processor...
  Reference genome:
    F.ananassa.fa, length = 805679811, num fragments = 204, GC % = 39.35
  Contig files: 
    F.ananassa
  Calculating N50 and L50...
    F.ananassa, N50 = 8111534, L50 = 34, Total length = 805664111, GC % = 39.35, # N's per 100 kbp =  0.00
Done.

2021-07-29 13:29:42
Running Contig analyzer...
  F.ananassa
  Logging to files /home/yuchungong/siga/build/benchmark/diploid_config_simlord_F.ananassa/ref/contigs_reports/contigs_report_F-ananassa.stdout and contigs_report_F-ananassa.stderr...
  Aligning contigs to the reference
  /home/yuchungong/quast-5.0.2/quast_libs/minimap2/minimap2 -c -x asm5 --mask-level \
  0.9 --min-occ 200 -g 2500 --score-N 2 --cs -t 18 ref/quast_corrected_input/F.ananassa.fa \
  ref/quast_corrected_input/F_ananassa.fa > ref/contigs_reports/minimap_output/F-ananassa.coords_tmp \
  2>> ref/contigs_reports/contigs_report_F-ananassa.stderr
  Analysis is finished.

  Creating total report...
    saved to /home/yuchungong/siga/build/benchmark/diploid_config_simlord_F.ananassa/ref/contigs_reports/misassemblies_report.txt, misassemblies_report.tsv, and misassemblies_report.tex
  Transposed version of total report...
    saved to /home/yuchungong/siga/build/benchmark/diploid_config_simlord_F.ananassa/ref/contigs_reports/transposed_report_misassemblies.txt, transposed_report_misassemblies.tsv, and transposed_report_misassemblies.tex
  Creating total report...
    saved to /home/yuchungong/siga/build/benchmark/diploid_config_simlord_F.ananassa/ref/contigs_reports/unaligned_report.txt, unaligned_report.tsv, and unaligned_report.tex
Done.

2021-07-29 13:33:02
Running NA-NGA calculation...
  F.ananassa, Largest alignment = 21808849, NA50 = 8111534, NGA50 = 8111534, LA50 = 34, LGA50 = 34
Done.

2021-07-29 13:33:10
Running Genome analyzer...
  NOTICE: No file with genomic features were provided. Use the --features option if you want to specify it.

  NOTICE: No file with operons were provided. Use the -O option if you want to specify it.
  F.ananassa
  Analysis is finished.
Done.

NOTICE: Genes are not predicted by default. Use --gene-finding or --glimmer option to enable it.

2021-07-29 13:34:40
Creating large visual summaries...
This may take a while: press Ctrl-C to skip this step..
  1 of 1: Creating Icarus viewers...
Done

2021-07-29 13:34:46
RESULTS:
  Text versions of total report are saved to /home/yuchungong/siga/build/benchmark/diploid_config_simlord_F.ananassa/ref/report.txt, report.tsv, and report.tex
  Text versions of transposed total report are saved to /home/yuchungong/siga/build/benchmark/diploid_config_simlord_F.ananassa/ref/transposed_report.txt, transposed_report.tsv, and transposed_report.tex
  HTML version (interactive tables and plots) is saved to /home/yuchungong/siga/build/benchmark/diploid_config_simlord_F.ananassa/ref/report.html
  Icarus (contig browser) is saved to /home/yuchungong/siga/build/benchmark/diploid_config_simlord_F.ananassa/ref/icarus.html
  Log is saved to /home/yuchungong/siga/build/benchmark/diploid_config_simlord_F.ananassa/ref/quast.log

Finished: 2021-07-29 13:34:46
Elapsed time: 0:06:32.456236
NOTICEs: 3; WARNINGs: 1; non-fatal ERRORs: 0

Thank you for using QUAST!
