/public/dbu/yuchungong/quast-5.0.2/quast.py --large --fragmented -t 18 -m 400 -o quast -r /public/dbu/yuchungong/LRTK-SIM/resource/M.musculus.fa ../ref.fa siga.fa hifiasm.fa

Version: 5.0.2

System information:
  OS: Linux-3.10.0-693.el7.x86_64-x86_64-with-centos-7.4.1708-Core (linux_64)
  Python version: 2.7.5
  CPUs number: 192

Started: 2021-08-02 12:39:20

Logging to /public/dbu/yuchungong/siga-0.10/build/benchmark/diploid_config_simlord_M.musculus/config0/quast/quast.log

CWD: /public/dbu/yuchungong/siga-0.10/build/benchmark/diploid_config_simlord_M.musculus/config0
Main parameters: 
  MODE: large, threads: 18, eukaryotic: true, minimum contig length: 400, minimum alignment length: 500, \
  ambiguity: one, threshold for extensive misassembly size: 7000

Reference:
  /public/dbu/yuchungong/LRTK-SIM/resource/M.musculus.fa ==> M.musculus

Contigs:
  Pre-processing...
  1  ../ref.fa ==> ref
  2  siga.fa ==> siga
  3  hifiasm.fa ==> hifiasm

2021-08-02 12:43:26
Running Basic statistics processor...
  Reference genome:
    M.musculus.fa, length = 2728222451, num fragments = 61, GC % = 41.67
  Contig files: 
    1  ref
    2  siga
    3  hifiasm
  Calculating N50 and L50...
    1  ref, N50 = 46334773, L50 = 19, Total length = 2654621305, GC % = 41.67, # N's per 100 kbp =  0.00
    2  siga, N50 = 44613395, L50 = 21, Total length = 2651746496, GC % = 41.67, # N's per 100 kbp =  0.00
    3  hifiasm, N50 = 52637589, L50 = 17, Total length = 2632363436, GC % = 41.68, # N's per 100 kbp =  0.00
  Drawing Nx plot...
    saved to /public/dbu/yuchungong/siga-0.10/build/benchmark/diploid_config_simlord_M.musculus/config0/quast/basic_stats/Nx_plot.pdf
  Drawing NGx plot...
    saved to /public/dbu/yuchungong/siga-0.10/build/benchmark/diploid_config_simlord_M.musculus/config0/quast/basic_stats/NGx_plot.pdf
  Drawing cumulative plot...
    saved to /public/dbu/yuchungong/siga-0.10/build/benchmark/diploid_config_simlord_M.musculus/config0/quast/basic_stats/cumulative_plot.pdf
  Drawing GC content plot...
    saved to /public/dbu/yuchungong/siga-0.10/build/benchmark/diploid_config_simlord_M.musculus/config0/quast/basic_stats/GC_content_plot.pdf
  Drawing ref GC content plot...
    saved to /public/dbu/yuchungong/siga-0.10/build/benchmark/diploid_config_simlord_M.musculus/config0/quast/basic_stats/ref_GC_content_plot.pdf
  Drawing siga GC content plot...
    saved to /public/dbu/yuchungong/siga-0.10/build/benchmark/diploid_config_simlord_M.musculus/config0/quast/basic_stats/siga_GC_content_plot.pdf
  Drawing hifiasm GC content plot...
    saved to /public/dbu/yuchungong/siga-0.10/build/benchmark/diploid_config_simlord_M.musculus/config0/quast/basic_stats/hifiasm_GC_content_plot.pdf
Done.

2021-08-02 12:56:01
Running Contig analyzer...
  1  ref
  1  Logging to files /public/dbu/yuchungong/siga-0.10/build/benchmark/diploid_config_simlord_M.musculus/config0/quast/contigs_reports/contigs_report_ref.stdout and contigs_report_ref.stderr...
  1  Aligning contigs to the reference
  1  /public/dbu/yuchungong/quast-5.0.2/quast_libs/minimap2/minimap2 -c -x asm5 --mask-level \
     0.9 --min-occ 200 -g 2500 --score-N 2 --cs -t 6 quast/quast_corrected_input/M.musculus.fa \
     quast/quast_corrected_input/ref.fa > quast/contigs_reports/minimap_output/ref.coords_tmp \
     2>> quast/contigs_reports/contigs_report_ref.stderr
  2  siga
  2  Logging to files /public/dbu/yuchungong/siga-0.10/build/benchmark/diploid_config_simlord_M.musculus/config0/quast/contigs_reports/contigs_report_siga.stdout and contigs_report_siga.stderr...
  2  Aligning contigs to the reference
  2  /public/dbu/yuchungong/quast-5.0.2/quast_libs/minimap2/minimap2 -c -x asm5 --mask-level \
     0.9 --min-occ 200 -g 2500 --score-N 2 --cs -t 6 quast/quast_corrected_input/M.musculus.fa \
     quast/quast_corrected_input/siga.fa > quast/contigs_reports/minimap_output/siga.coords_tmp \
     2>> quast/contigs_reports/contigs_report_siga.stderr
  3  hifiasm
  3  Logging to files /public/dbu/yuchungong/siga-0.10/build/benchmark/diploid_config_simlord_M.musculus/config0/quast/contigs_reports/contigs_report_hifiasm.stdout and contigs_report_hifiasm.stderr...
  3  Aligning contigs to the reference
  3  /public/dbu/yuchungong/quast-5.0.2/quast_libs/minimap2/minimap2 -c -x asm5 --mask-level \
     0.9 --min-occ 200 -g 2500 --score-N 2 --cs -t 6 quast/quast_corrected_input/M.musculus.fa \
     quast/quast_corrected_input/hifiasm.fa > quast/contigs_reports/minimap_output/hifiasm.coords_tmp \
     2>> quast/contigs_reports/contigs_report_hifiasm.stderr
  3  Analysis is finished.

  2  Analysis is finished.

  1  Analysis is finished.

  Creating total report...
    saved to /public/dbu/yuchungong/siga-0.10/build/benchmark/diploid_config_simlord_M.musculus/config0/quast/contigs_reports/misassemblies_report.txt, misassemblies_report.tsv, and misassemblies_report.tex
  Transposed version of total report...
    saved to /public/dbu/yuchungong/siga-0.10/build/benchmark/diploid_config_simlord_M.musculus/config0/quast/contigs_reports/transposed_report_misassemblies.txt, transposed_report_misassemblies.tsv, and transposed_report_misassemblies.tex
  Creating total report...
    saved to /public/dbu/yuchungong/siga-0.10/build/benchmark/diploid_config_simlord_M.musculus/config0/quast/contigs_reports/unaligned_report.txt, unaligned_report.tsv, and unaligned_report.tex
  Drawing misassemblies by types plot...
    saved to /public/dbu/yuchungong/siga-0.10/build/benchmark/diploid_config_simlord_M.musculus/config0/quast/contigs_reports/misassemblies_plot.pdf
  Drawing misassemblies FRCurve plot...
    saved to /public/dbu/yuchungong/siga-0.10/build/benchmark/diploid_config_simlord_M.musculus/config0/quast/contigs_reports/misassemblies_frcurve_plot.pdf
Done.

2021-08-02 13:25:50
Running NA-NGA calculation...
  1  ref, Largest alignment = 152907495, NA50 = 46334773, NGA50 = 46334773, LA50 = 19, LGA50 = 19
  2  siga, Largest alignment = 120702425, NA50 = 44613395, NGA50 = 42491999, LA50 = 21, LGA50 = 22
  3  hifiasm, Largest alignment = 120702424, NA50 = 46065667, NGA50 = 45910920, LA50 = 20, LGA50 = 21
  Drawing cumulative plot...
    saved to /public/dbu/yuchungong/siga-0.10/build/benchmark/diploid_config_simlord_M.musculus/config0/quast/aligned_stats/cumulative_plot.pdf
  Drawing NAx plot...
    saved to /public/dbu/yuchungong/siga-0.10/build/benchmark/diploid_config_simlord_M.musculus/config0/quast/aligned_stats/NAx_plot.pdf
  Drawing NGAx plot...
    saved to /public/dbu/yuchungong/siga-0.10/build/benchmark/diploid_config_simlord_M.musculus/config0/quast/aligned_stats/NGAx_plot.pdf
Done.

2021-08-02 13:28:44
Running Genome analyzer...
  NOTICE: No file with genomic features were provided. Use the --features option if you want to specify it.

  NOTICE: No file with operons were provided. Use the -O option if you want to specify it.
  1  ref
  2  siga
  3  hifiasm
  3  Analysis is finished.
  1  Analysis is finished.
  2  Analysis is finished.
  Drawing Genome fraction, % histogram...
    saved to /public/dbu/yuchungong/siga-0.10/build/benchmark/diploid_config_simlord_M.musculus/config0/quast/genome_stats/genome_fraction_histogram.pdf
Done.

NOTICE: Genes are not predicted by default. Use --gene-finding or --glimmer option to enable it.

2021-08-02 13:38:06
Creating large visual summaries...
This may take a while: press Ctrl-C to skip this step..
  1 of 2: Creating Icarus viewers...
  2 of 2: Creating PDF with all tables and plots...
Done

2021-08-02 13:38:56
RESULTS:
  Text versions of total report are saved to /public/dbu/yuchungong/siga-0.10/build/benchmark/diploid_config_simlord_M.musculus/config0/quast/report.txt, report.tsv, and report.tex
  Text versions of transposed total report are saved to /public/dbu/yuchungong/siga-0.10/build/benchmark/diploid_config_simlord_M.musculus/config0/quast/transposed_report.txt, transposed_report.tsv, and transposed_report.tex
  HTML version (interactive tables and plots) is saved to /public/dbu/yuchungong/siga-0.10/build/benchmark/diploid_config_simlord_M.musculus/config0/quast/report.html
  PDF version (tables and plots) is saved to /public/dbu/yuchungong/siga-0.10/build/benchmark/diploid_config_simlord_M.musculus/config0/quast/report.pdf
  Icarus (contig browser) is saved to /public/dbu/yuchungong/siga-0.10/build/benchmark/diploid_config_simlord_M.musculus/config0/quast/icarus.html
  Log is saved to /public/dbu/yuchungong/siga-0.10/build/benchmark/diploid_config_simlord_M.musculus/config0/quast/quast.log

Finished: 2021-08-02 13:38:56
Elapsed time: 0:59:35.899938
NOTICEs: 3; WARNINGs: 0; non-fatal ERRORs: 0

Thank you for using QUAST!
