/home6/yuchungong/quast-5.0.2/quast.py --large -t 18 -m 400 -o siga -r /home6/yuchungong/LRTK-SIM/resource/GCA_003401745.1_ASM340174v1_genomic.fna uniq-contigs-contigs-contigs-contigs.fa

Version: 5.0.2, 0bb1dd1b

System information:
  OS: Linux-3.13.0-147-generic-x86_64-with-Ubuntu-14.04-trusty (linux_64)
  Python version: 2.7.6
  CPUs number: 24

Started: 2021-04-24 17:47:24

Logging to /home6/yuchungong/siga/build/benchmark/diploid_config_dm/config0/siga/quast.log

CWD: /home6/yuchungong/siga/build/benchmark/diploid_config_dm/config0
Main parameters: 
  MODE: large, threads: 18, eukaryotic: true, minimum contig length: 400, minimum alignment length: 500, \
  ambiguity: one, threshold for extensive misassembly size: 7000

Reference:
  /home6/yuchungong/LRTK-SIM/resource/GCA_003401745.1_ASM340174v1_genomic.fna ==> GCA_003401745.1_ASM340174v1_genomic

Contigs:
  Pre-processing...
  uniq-contigs-contigs-contigs-contigs.fa ==> uniq_contigs_contigs_contigs_contigs

2021-04-24 17:47:41
Running Basic statistics processor...
  Reference genome:
    GCA_003401745.1_ASM340174v1_genomic.fna, length = 140687039, num fragments = 96, GC % = 41.93
WARNING:   Reference genome is fragmented. You may consider rerunning QUAST using --fragmented option. QUAST will try to detect misassemblies caused by the fragmentation and mark them fake (will be excluded from # misassemblies).
  Contig files: 
    uniq_contigs_contigs_contigs_contigs
  Calculating N50 and L50...
    uniq_contigs_contigs_contigs_contigs, N50 = 205057, L50 = 186, Total length = 144471712, GC % = 41.92, # N's per 100 kbp =  0.00
  Drawing Nx plot...
    saved to /home6/yuchungong/siga/build/benchmark/diploid_config_dm/config0/siga/basic_stats/Nx_plot.pdf
  Drawing NGx plot...
    saved to /home6/yuchungong/siga/build/benchmark/diploid_config_dm/config0/siga/basic_stats/NGx_plot.pdf
  Drawing cumulative plot...
    saved to /home6/yuchungong/siga/build/benchmark/diploid_config_dm/config0/siga/basic_stats/cumulative_plot.pdf
  Drawing GC content plot...
    saved to /home6/yuchungong/siga/build/benchmark/diploid_config_dm/config0/siga/basic_stats/GC_content_plot.pdf
  Drawing uniq_contigs_contigs_contigs_contigs GC content plot...
    saved to /home6/yuchungong/siga/build/benchmark/diploid_config_dm/config0/siga/basic_stats/uniq_contigs_contigs_contigs_contigs_GC_content_plot.pdf
Done.

2021-04-24 17:48:09
Running Contig analyzer...
  uniq_contigs_contigs_contigs_contigs
  Logging to files /home6/yuchungong/siga/build/benchmark/diploid_config_dm/config0/siga/contigs_reports/contigs_report_uniq_contigs_contigs_contigs_contigs.stdout and contigs_report_uniq_contigs_contigs_contigs_contigs.stderr...
  Aligning contigs to the reference
  /home6/yuchungong/quast-5.0.2/quast_libs/minimap2/minimap2 -c -x asm5 --mask-level \
  0.9 --min-occ 200 -g 2500 --score-N 2 --cs -t 18 siga/quast_corrected_input/GCA_003401745.1_ASM340174v1_genomic.fna \
  siga/quast_corrected_input/uniq_contigs_contigs_contigs_contigs.fa > siga/contigs_reports/minimap_output/uniq_contigs_contigs_contigs_contigs.coords_tmp \
  2>> siga/contigs_reports/contigs_report_uniq_contigs_contigs_contigs_contigs.stderr
  Analysis is finished.

  Creating total report...
    saved to /home6/yuchungong/siga/build/benchmark/diploid_config_dm/config0/siga/contigs_reports/misassemblies_report.txt, misassemblies_report.tsv, and misassemblies_report.tex
  Transposed version of total report...
    saved to /home6/yuchungong/siga/build/benchmark/diploid_config_dm/config0/siga/contigs_reports/transposed_report_misassemblies.txt, transposed_report_misassemblies.tsv, and transposed_report_misassemblies.tex
  Creating total report...
    saved to /home6/yuchungong/siga/build/benchmark/diploid_config_dm/config0/siga/contigs_reports/unaligned_report.txt, unaligned_report.tsv, and unaligned_report.tex
  Drawing misassemblies by types plot...
    saved to /home6/yuchungong/siga/build/benchmark/diploid_config_dm/config0/siga/contigs_reports/misassemblies_plot.pdf
  Drawing misassemblies FRCurve plot...
    saved to /home6/yuchungong/siga/build/benchmark/diploid_config_dm/config0/siga/contigs_reports/misassemblies_frcurve_plot.pdf
Done.

2021-04-24 17:49:42
Running NA-NGA calculation...
  uniq_contigs_contigs_contigs_contigs, Largest alignment = 1624746, NA50 = 205057, NGA50 = 212648, LA50 = 186, LGA50 = 177
  Drawing cumulative plot...
    saved to /home6/yuchungong/siga/build/benchmark/diploid_config_dm/config0/siga/aligned_stats/cumulative_plot.pdf
  Drawing NAx plot...
    saved to /home6/yuchungong/siga/build/benchmark/diploid_config_dm/config0/siga/aligned_stats/NAx_plot.pdf
  Drawing NGAx plot...
    saved to /home6/yuchungong/siga/build/benchmark/diploid_config_dm/config0/siga/aligned_stats/NGAx_plot.pdf
Done.

2021-04-24 17:49:51
Running Genome analyzer...
  NOTICE: No file with genomic features were provided. Use the --features option if you want to specify it.

  NOTICE: No file with operons were provided. Use the -O option if you want to specify it.
  uniq_contigs_contigs_contigs_contigs
  Analysis is finished.
  Skipping drawing Genome fraction, % histogram... (less than 2 columns histogram makes no sense)
Done.

NOTICE: Genes are not predicted by default. Use --gene-finding or --glimmer option to enable it.

2021-04-24 17:50:23
Creating large visual summaries...
This may take a while: press Ctrl-C to skip this step..
  1 of 2: Creating Icarus viewers...
  2 of 2: Creating PDF with all tables and plots...
Done

2021-04-24 17:50:29
RESULTS:
  Text versions of total report are saved to /home6/yuchungong/siga/build/benchmark/diploid_config_dm/config0/siga/report.txt, report.tsv, and report.tex
  Text versions of transposed total report are saved to /home6/yuchungong/siga/build/benchmark/diploid_config_dm/config0/siga/transposed_report.txt, transposed_report.tsv, and transposed_report.tex
  HTML version (interactive tables and plots) is saved to /home6/yuchungong/siga/build/benchmark/diploid_config_dm/config0/siga/report.html
  PDF version (tables and plots) is saved to /home6/yuchungong/siga/build/benchmark/diploid_config_dm/config0/siga/report.pdf
  Icarus (contig browser) is saved to /home6/yuchungong/siga/build/benchmark/diploid_config_dm/config0/siga/icarus.html
  Log is saved to /home6/yuchungong/siga/build/benchmark/diploid_config_dm/config0/siga/quast.log

Finished: 2021-04-24 17:50:29
Elapsed time: 0:03:04.953698
NOTICEs: 3; WARNINGs: 1; non-fatal ERRORs: 0

Thank you for using QUAST!
