gnuplot 4.6 patchlevel 4
Aligning contigs to reference...
	Aligning contigs to the reference
Parsing coords...
Loading reference...
	Loaded [chr19_new1]
Loading SNPs...
	Total Regions: 1
	Total Region Length: 599940
Analyzing contigs...
CONTIG: m787_11293_CCS_0_9025_0_540221_540621_6338_CR_i_12_BX_Z_m1067_5657_CCS_0_15_m1118_8013_CCS_0_3_m1303_12452_CCS_0_20_m1789_17069_CCS_0_11_m2018_14378_CCS_0_18_m2409_14901_CCS_0_38_m2497_11629_CCS_0_2_m535_8033_CCS_0_16_m609_3483_CCS_0_4_m745_10396_CCS_0_14_m787_11293_CCS_0_25_m811_16658_CCS_0_4_EX_Z_400__0_540221_540621_400__0_540226_540626_400__0_540239_540639_400__0_540252_540652_400__0_540253_540653_400__0_540260_540660_400__0_540264_540664_400__0_540281_540681_400__0_540288_540688_400__0_540298_540698_400__0_540303_540703 (482bp)
Best alignment score: 482.0 (LEN: 482, IDY: 100.00), Total number of alignments: 2
		Skipping these alignments as insignificant (option --ambiguity-score is set to "0.99"):
			Skipping alignment 540070 540551 | 1 482 | 482 482 | 98.76 | chr19_new1 m787_11293_CCS_0_9025_0_540221_540621_6338_CR_i_12_BX_Z_m1067_5657_CCS_0_15_m1118_8013_CCS_0_3_m1303_12452_CCS_0_20_m1789_17069_CCS_0_11_m2018_14378_CCS_0_18_m2409_14901_CCS_0_38_m2497_11629_CCS_0_2_m535_8033_CCS_0_16_m609_3483_CCS_0_4_m745_10396_CCS_0_14_m787_11293_CCS_0_25_m811_16658_CCS_0_4_EX_Z_400__0_540221_540621_400__0_540226_540626_400__0_540239_540639_400__0_540252_540652_400__0_540253_540653_400__0_540260_540660_400__0_540264_540664_400__0_540281_540681_400__0_540288_540688_400__0_540298_540698_400__0_540303_540703
		One align captures most of this contig: 540222 540703 | 1 482 | 482 482 | 100.0 | chr19_new1 m787_11293_CCS_0_9025_0_540221_540621_6338_CR_i_12_BX_Z_m1067_5657_CCS_0_15_m1118_8013_CCS_0_3_m1303_12452_CCS_0_20_m1789_17069_CCS_0_11_m2018_14378_CCS_0_18_m2409_14901_CCS_0_38_m2497_11629_CCS_0_2_m535_8033_CCS_0_16_m609_3483_CCS_0_4_m745_10396_CCS_0_14_m787_11293_CCS_0_25_m811_16658_CCS_0_4_EX_Z_400__0_540221_540621_400__0_540226_540626_400__0_540239_540639_400__0_540252_540652_400__0_540253_540653_400__0_540260_540660_400__0_540264_540664_400__0_540281_540681_400__0_540288_540688_400__0_540298_540698_400__0_540303_540703

CONTIG: m1376_4519_CCS_0_0_0_60031_60431_56949_CR_i_53294_BX_Z_m0_9958_CCS_0_0_m0_9958_CCS_0_1_m0_9958_CCS_0_2_m0_9958_CCS_0_3_m0_9958_CCS_0_4_m0_9958_CCS_0_5_m0_9958_CCS_0_9_m0_9958_CCS_0_7_m0_9958_CCS_0_8_m0_9958_CCS_0_6_m0_9958_CCS_0_10_m0_9958_CCS_0_11_m0_9958_CCS_0_12_m0_9958_CCS_0_13_m0_9958_CCS_0_14_m0_9958_CCS_0_15_m0_9958_CCS_0_16_m0_9958_CCS_0_17_m0_9958_CCS_0_18_m0_9958_CCS_0_19_m0_9958_CCS_0_20_m0_9958_CCS_0_21_m0_9958_CCS_0_22_m0_9958_CCS_0_23_m0_9958_CCS_0_24_m0_9958_CCS_0_25_m0_9958_CCS_0_26_m0_9958_CCS_0_27_m1_13329_CCS_0_0_m1_13329_CCS_0_2_m1_13329_CCS_0_5_m1_13329_CCS_0_8_m1_13329_CCS_0_12_m1_13329_CCS_0_13_m1_13329_CCS_0_14_m1_13329_CCS_0_15_m1_13329_CCS_0_17_m1_13329_CCS_0_18_m1_13329_CCS_0_19_m1_13329_CCS_0_20_m1_13329_CCS_0_23_m1_13329_CCS_0_25_m1_13329_CCS_0_26_m1_13329_CCS_0_27_m1_13329_CCS_0_28_m1_13329_CCS_0_29_m1_13329_CCS_0_30_m1_13329_CCS_0_31_m1_13329_CCS_0_32_m1_13329_CCS_0_33_m1_13329_CCS_0_34_m1_13329_CCS_0_35_m1_13329_CCS_0_36_m10_7326_CCS_0_0_m10_7326_CCS_0_1_m10_7326_CCS_0_4_m10 (480869bp)
Best alignment score: 342244.8 (LEN: 342279, IDY: 99.99), Total number of alignments: 4
			Looking for the best set of alignments (out of 4 total alignments)
			Skipping redundant alignments after choosing the best set of alignments
		Skipping redundant alignment 540024 540685 | 480209 480869 | 662 661 | 98.64 | chr19_new1 m1376_4519_CCS_0_0_0_60031_60431_56949_CR_i_53294_BX_Z_m0_9958_CCS_0_0_m0_9958_CCS_0_1_m0_9958_CCS_0_2_m0_9958_CCS_0_3_m0_9958_CCS_0_4_m0_9958_CCS_0_5_m0_9958_CCS_0_9_m0_9958_CCS_0_7_m0_9958_CCS_0_8_m0_9958_CCS_0_6_m0_9958_CCS_0_10_m0_9958_CCS_0_11_m0_9958_CCS_0_12_m0_9958_CCS_0_13_m0_9958_CCS_0_14_m0_9958_CCS_0_15_m0_9958_CCS_0_16_m0_9958_CCS_0_17_m0_9958_CCS_0_18_m0_9958_CCS_0_19_m0_9958_CCS_0_20_m0_9958_CCS_0_21_m0_9958_CCS_0_22_m0_9958_CCS_0_23_m0_9958_CCS_0_24_m0_9958_CCS_0_25_m0_9958_CCS_0_26_m0_9958_CCS_0_27_m1_13329_CCS_0_0_m1_13329_CCS_0_2_m1_13329_CCS_0_5_m1_13329_CCS_0_8_m1_13329_CCS_0_12_m1_13329_CCS_0_13_m1_13329_CCS_0_14_m1_13329_CCS_0_15_m1_13329_CCS_0_17_m1_13329_CCS_0_18_m1_13329_CCS_0_19_m1_13329_CCS_0_20_m1_13329_CCS_0_23_m1_13329_CCS_0_25_m1_13329_CCS_0_26_m1_13329_CCS_0_27_m1_13329_CCS_0_28_m1_13329_CCS_0_29_m1_13329_CCS_0_30_m1_13329_CCS_0_31_m1_13329_CCS_0_32_m1_13329_CCS_0_33_m1_13329_CCS_0_34_m1_13329_CCS_0_35_m1_13329_CCS_0_36_m10_7326_CCS_0_0_m10_7326_CCS_0_1_m10_7326_CCS_0_4_m10
		Skipping redundant alignment 530165 540647 | 470425 480869 | 10483 10445 | 99.62 | chr19_new1 m1376_4519_CCS_0_0_0_60031_60431_56949_CR_i_53294_BX_Z_m0_9958_CCS_0_0_m0_9958_CCS_0_1_m0_9958_CCS_0_2_m0_9958_CCS_0_3_m0_9958_CCS_0_4_m0_9958_CCS_0_5_m0_9958_CCS_0_9_m0_9958_CCS_0_7_m0_9958_CCS_0_8_m0_9958_CCS_0_6_m0_9958_CCS_0_10_m0_9958_CCS_0_11_m0_9958_CCS_0_12_m0_9958_CCS_0_13_m0_9958_CCS_0_14_m0_9958_CCS_0_15_m0_9958_CCS_0_16_m0_9958_CCS_0_17_m0_9958_CCS_0_18_m0_9958_CCS_0_19_m0_9958_CCS_0_20_m0_9958_CCS_0_21_m0_9958_CCS_0_22_m0_9958_CCS_0_23_m0_9958_CCS_0_24_m0_9958_CCS_0_25_m0_9958_CCS_0_26_m0_9958_CCS_0_27_m1_13329_CCS_0_0_m1_13329_CCS_0_2_m1_13329_CCS_0_5_m1_13329_CCS_0_8_m1_13329_CCS_0_12_m1_13329_CCS_0_13_m1_13329_CCS_0_14_m1_13329_CCS_0_15_m1_13329_CCS_0_17_m1_13329_CCS_0_18_m1_13329_CCS_0_19_m1_13329_CCS_0_20_m1_13329_CCS_0_23_m1_13329_CCS_0_25_m1_13329_CCS_0_26_m1_13329_CCS_0_27_m1_13329_CCS_0_28_m1_13329_CCS_0_29_m1_13329_CCS_0_30_m1_13329_CCS_0_31_m1_13329_CCS_0_32_m1_13329_CCS_0_33_m1_13329_CCS_0_34_m1_13329_CCS_0_35_m1_13329_CCS_0_36_m10_7326_CCS_0_0_m10_7326_CCS_0_1_m10_7326_CCS_0_4_m10
			The best set is below. Score: 480515.2, number of alignments: 2, unaligned bases: 0
		This contig is misassembled.
			Excluding internal overlap of size 1907 between Alignment 1 and 2: 60032 200432 | 1 140497 | 140401 140497 --> 60032 198525 | 1 138590 | 138494 138590
			Real Alignment 1: 60032 198525 | 1 138590 | 138494 138590 | 99.83 | chr19_new1 m1376_4519_CCS_0_0_0_60031_60431_56949_CR_i_53294_BX_Z_m0_9958_CCS_0_0_m0_9958_CCS_0_1_m0_9958_CCS_0_2_m0_9958_CCS_0_3_m0_9958_CCS_0_4_m0_9958_CCS_0_5_m0_9958_CCS_0_9_m0_9958_CCS_0_7_m0_9958_CCS_0_8_m0_9958_CCS_0_6_m0_9958_CCS_0_10_m0_9958_CCS_0_11_m0_9958_CCS_0_12_m0_9958_CCS_0_13_m0_9958_CCS_0_14_m0_9958_CCS_0_15_m0_9958_CCS_0_16_m0_9958_CCS_0_17_m0_9958_CCS_0_18_m0_9958_CCS_0_19_m0_9958_CCS_0_20_m0_9958_CCS_0_21_m0_9958_CCS_0_22_m0_9958_CCS_0_23_m0_9958_CCS_0_24_m0_9958_CCS_0_25_m0_9958_CCS_0_26_m0_9958_CCS_0_27_m1_13329_CCS_0_0_m1_13329_CCS_0_2_m1_13329_CCS_0_5_m1_13329_CCS_0_8_m1_13329_CCS_0_12_m1_13329_CCS_0_13_m1_13329_CCS_0_14_m1_13329_CCS_0_15_m1_13329_CCS_0_17_m1_13329_CCS_0_18_m1_13329_CCS_0_19_m1_13329_CCS_0_20_m1_13329_CCS_0_23_m1_13329_CCS_0_25_m1_13329_CCS_0_26_m1_13329_CCS_0_27_m1_13329_CCS_0_28_m1_13329_CCS_0_29_m1_13329_CCS_0_30_m1_13329_CCS_0_31_m1_13329_CCS_0_32_m1_13329_CCS_0_33_m1_13329_CCS_0_34_m1_13329_CCS_0_35_m1_13329_CCS_0_36_m10_7326_CCS_0_0_m10_7326_CCS_0_1_m10_7326_CCS_0_4_m10
			  Overlap between these two alignments (local misassembly). Inconsistency = -194
			Real Alignment 2: 198332 540609 | 138591 480869 | 342278 342279 | 99.99 | chr19_new1 m1376_4519_CCS_0_0_0_60031_60431_56949_CR_i_53294_BX_Z_m0_9958_CCS_0_0_m0_9958_CCS_0_1_m0_9958_CCS_0_2_m0_9958_CCS_0_3_m0_9958_CCS_0_4_m0_9958_CCS_0_5_m0_9958_CCS_0_9_m0_9958_CCS_0_7_m0_9958_CCS_0_8_m0_9958_CCS_0_6_m0_9958_CCS_0_10_m0_9958_CCS_0_11_m0_9958_CCS_0_12_m0_9958_CCS_0_13_m0_9958_CCS_0_14_m0_9958_CCS_0_15_m0_9958_CCS_0_16_m0_9958_CCS_0_17_m0_9958_CCS_0_18_m0_9958_CCS_0_19_m0_9958_CCS_0_20_m0_9958_CCS_0_21_m0_9958_CCS_0_22_m0_9958_CCS_0_23_m0_9958_CCS_0_24_m0_9958_CCS_0_25_m0_9958_CCS_0_26_m0_9958_CCS_0_27_m1_13329_CCS_0_0_m1_13329_CCS_0_2_m1_13329_CCS_0_5_m1_13329_CCS_0_8_m1_13329_CCS_0_12_m1_13329_CCS_0_13_m1_13329_CCS_0_14_m1_13329_CCS_0_15_m1_13329_CCS_0_17_m1_13329_CCS_0_18_m1_13329_CCS_0_19_m1_13329_CCS_0_20_m1_13329_CCS_0_23_m1_13329_CCS_0_25_m1_13329_CCS_0_26_m1_13329_CCS_0_27_m1_13329_CCS_0_28_m1_13329_CCS_0_29_m1_13329_CCS_0_30_m1_13329_CCS_0_31_m1_13329_CCS_0_32_m1_13329_CCS_0_33_m1_13329_CCS_0_34_m1_13329_CCS_0_35_m1_13329_CCS_0_36_m10_7326_CCS_0_0_m10_7326_CCS_0_1_m10_7326_CCS_0_4_m10

CONTIG: m459_9105_CCS_0_3249_0_540361_540761_49642_CR_i_5902_BX_Z_m1022_4381_CCS_0_5_m1022_4381_CCS_0_6_m1022_4381_CCS_0_7_m1022_4381_CCS_0_8_m1022_4381_CCS_0_9_m1022_4381_CCS_0_10_m1022_4381_CCS_0_11_m1022_4381_CCS_0_12_m1023_15993_CCS_0_0_m1023_15993_CCS_0_1_m1023_15993_CCS_0_2_m1023_15993_CCS_0_3_m1023_15993_CCS_0_6_m1023_15993_CCS_0_8_m1023_15993_CCS_0_7_m1023_15993_CCS_0_9_m1023_15993_CCS_0_10_m1023_15993_CCS_0_12_m1023_15993_CCS_0_13_m1023_15993_CCS_0_14_m1023_15993_CCS_0_15_m1023_15993_CCS_0_16_m1023_15993_CCS_0_17_m1023_15993_CCS_0_18_m1023_15993_CCS_0_19_m1023_15993_CCS_0_20_m1023_15993_CCS_0_21_m1023_15993_CCS_0_22_m1023_15993_CCS_0_23_m1023_15993_CCS_0_24_m1023_15993_CCS_0_25_m1023_15993_CCS_0_26_m1023_15993_CCS_0_27_m1023_15993_CCS_0_28_m1023_15993_CCS_0_29_m1023_15993_CCS_0_30_m1023_15993_CCS_0_31_m1023_15993_CCS_0_32_m1023_15993_CCS_0_35_m1023_15993_CCS_0_33_m1023_15993_CCS_0_34_m1023_15993_CCS_0_36_m1023_15993_CCS_0_37_m1023_15993_CCS_0_38_m1023_15993_CCS_0_39_m1023_15993_CCS_0_40_m1023_15993_CCS_0_ (59288bp)
Best alignment score: 59288.0 (LEN: 59288, IDY: 100.00), Total number of alignments: 3
		Skipping these alignments as insignificant (option --ambiguity-score is set to "0.99"):
			Skipping alignment 540249 540742 | 1 492 | 494 492 | 97.58 | chr19_new1 m459_9105_CCS_0_3249_0_540361_540761_49642_CR_i_5902_BX_Z_m1022_4381_CCS_0_5_m1022_4381_CCS_0_6_m1022_4381_CCS_0_7_m1022_4381_CCS_0_8_m1022_4381_CCS_0_9_m1022_4381_CCS_0_10_m1022_4381_CCS_0_11_m1022_4381_CCS_0_12_m1023_15993_CCS_0_0_m1023_15993_CCS_0_1_m1023_15993_CCS_0_2_m1023_15993_CCS_0_3_m1023_15993_CCS_0_6_m1023_15993_CCS_0_8_m1023_15993_CCS_0_7_m1023_15993_CCS_0_9_m1023_15993_CCS_0_10_m1023_15993_CCS_0_12_m1023_15993_CCS_0_13_m1023_15993_CCS_0_14_m1023_15993_CCS_0_15_m1023_15993_CCS_0_16_m1023_15993_CCS_0_17_m1023_15993_CCS_0_18_m1023_15993_CCS_0_19_m1023_15993_CCS_0_20_m1023_15993_CCS_0_21_m1023_15993_CCS_0_22_m1023_15993_CCS_0_23_m1023_15993_CCS_0_24_m1023_15993_CCS_0_25_m1023_15993_CCS_0_26_m1023_15993_CCS_0_27_m1023_15993_CCS_0_28_m1023_15993_CCS_0_29_m1023_15993_CCS_0_30_m1023_15993_CCS_0_31_m1023_15993_CCS_0_32_m1023_15993_CCS_0_35_m1023_15993_CCS_0_33_m1023_15993_CCS_0_34_m1023_15993_CCS_0_36_m1023_15993_CCS_0_37_m1023_15993_CCS_0_38_m1023_15993_CCS_0_39_m1023_15993_CCS_0_40_m1023_15993_CCS_0_
			Skipping alignment 539984 540477 | 1 492 | 494 492 | 96.17 | chr19_new1 m459_9105_CCS_0_3249_0_540361_540761_49642_CR_i_5902_BX_Z_m1022_4381_CCS_0_5_m1022_4381_CCS_0_6_m1022_4381_CCS_0_7_m1022_4381_CCS_0_8_m1022_4381_CCS_0_9_m1022_4381_CCS_0_10_m1022_4381_CCS_0_11_m1022_4381_CCS_0_12_m1023_15993_CCS_0_0_m1023_15993_CCS_0_1_m1023_15993_CCS_0_2_m1023_15993_CCS_0_3_m1023_15993_CCS_0_6_m1023_15993_CCS_0_8_m1023_15993_CCS_0_7_m1023_15993_CCS_0_9_m1023_15993_CCS_0_10_m1023_15993_CCS_0_12_m1023_15993_CCS_0_13_m1023_15993_CCS_0_14_m1023_15993_CCS_0_15_m1023_15993_CCS_0_16_m1023_15993_CCS_0_17_m1023_15993_CCS_0_18_m1023_15993_CCS_0_19_m1023_15993_CCS_0_20_m1023_15993_CCS_0_21_m1023_15993_CCS_0_22_m1023_15993_CCS_0_23_m1023_15993_CCS_0_24_m1023_15993_CCS_0_25_m1023_15993_CCS_0_26_m1023_15993_CCS_0_27_m1023_15993_CCS_0_28_m1023_15993_CCS_0_29_m1023_15993_CCS_0_30_m1023_15993_CCS_0_31_m1023_15993_CCS_0_32_m1023_15993_CCS_0_35_m1023_15993_CCS_0_33_m1023_15993_CCS_0_34_m1023_15993_CCS_0_36_m1023_15993_CCS_0_37_m1023_15993_CCS_0_38_m1023_15993_CCS_0_39_m1023_15993_CCS_0_40_m1023_15993_CCS_0_
		One align captures most of this contig: 540362 599649 | 1 59288 | 59288 59288 | 100.0 | chr19_new1 m459_9105_CCS_0_3249_0_540361_540761_49642_CR_i_5902_BX_Z_m1022_4381_CCS_0_5_m1022_4381_CCS_0_6_m1022_4381_CCS_0_7_m1022_4381_CCS_0_8_m1022_4381_CCS_0_9_m1022_4381_CCS_0_10_m1022_4381_CCS_0_11_m1022_4381_CCS_0_12_m1023_15993_CCS_0_0_m1023_15993_CCS_0_1_m1023_15993_CCS_0_2_m1023_15993_CCS_0_3_m1023_15993_CCS_0_6_m1023_15993_CCS_0_8_m1023_15993_CCS_0_7_m1023_15993_CCS_0_9_m1023_15993_CCS_0_10_m1023_15993_CCS_0_12_m1023_15993_CCS_0_13_m1023_15993_CCS_0_14_m1023_15993_CCS_0_15_m1023_15993_CCS_0_16_m1023_15993_CCS_0_17_m1023_15993_CCS_0_18_m1023_15993_CCS_0_19_m1023_15993_CCS_0_20_m1023_15993_CCS_0_21_m1023_15993_CCS_0_22_m1023_15993_CCS_0_23_m1023_15993_CCS_0_24_m1023_15993_CCS_0_25_m1023_15993_CCS_0_26_m1023_15993_CCS_0_27_m1023_15993_CCS_0_28_m1023_15993_CCS_0_29_m1023_15993_CCS_0_30_m1023_15993_CCS_0_31_m1023_15993_CCS_0_32_m1023_15993_CCS_0_35_m1023_15993_CCS_0_33_m1023_15993_CCS_0_34_m1023_15993_CCS_0_36_m1023_15993_CCS_0_37_m1023_15993_CCS_0_38_m1023_15993_CCS_0_39_m1023_15993_CCS_0_40_m1023_15993_CCS_0_

Analyzing coverage...
Writing SNPs into /home6/yuchungong/siga/build/benchmark/diploid_config_simlord/config0/siga/contigs_reports/nucmer_output/uniq-contigs-contigs-contigs-contigs-contigs.used_snps.gz
	Reference chr19_new1: 4 total alignments. 1 total regions.
		Region: 1 to 599940 (599940 bp)
			START in gap: 1 to 60032 (60031 bp)
			Align 1: 60032 198525 m1376_4519_CCS_0_0_0_60031_60431_56949_CR_i_53294_BX_Z_m0_9958_CCS_0_0_m0_9958_CCS_0_1_m0_9958_CCS_0_2_m0_9958_CCS_0_3_m0_9958_CCS_0_4_m0_9958_CCS_0_5_m0_9958_CCS_0_9_m0_9958_CCS_0_7_m0_9958_CCS_0_8_m0_9958_CCS_0_6_m0_9958_CCS_0_10_m0_9958_CCS_0_11_m0_9958_CCS_0_12_m0_9958_CCS_0_13_m0_9958_CCS_0_14_m0_9958_CCS_0_15_m0_9958_CCS_0_16_m0_9958_CCS_0_17_m0_9958_CCS_0_18_m0_9958_CCS_0_19_m0_9958_CCS_0_20_m0_9958_CCS_0_21_m0_9958_CCS_0_22_m0_9958_CCS_0_23_m0_9958_CCS_0_24_m0_9958_CCS_0_25_m0_9958_CCS_0_26_m0_9958_CCS_0_27_m1_13329_CCS_0_0_m1_13329_CCS_0_2_m1_13329_CCS_0_5_m1_13329_CCS_0_8_m1_13329_CCS_0_12_m1_13329_CCS_0_13_m1_13329_CCS_0_14_m1_13329_CCS_0_15_m1_13329_CCS_0_17_m1_13329_CCS_0_18_m1_13329_CCS_0_19_m1_13329_CCS_0_20_m1_13329_CCS_0_23_m1_13329_CCS_0_25_m1_13329_CCS_0_26_m1_13329_CCS_0_27_m1_13329_CCS_0_28_m1_13329_CCS_0_29_m1_13329_CCS_0_30_m1_13329_CCS_0_31_m1_13329_CCS_0_32_m1_13329_CCS_0_33_m1_13329_CCS_0_34_m1_13329_CCS_0_35_m1_13329_CCS_0_36_m10_7326_CCS_0_0_m10_7326_CCS_0_1_m10_7326_CCS_0_4_m10 1 138590
				Negative gap (overlap) between this and next alignment: 198525 to 198332 (-193 bp)
				Next Alignment: 198332 540609 m1376_4519_CCS_0_0_0_60031_60431_56949_CR_i_53294_BX_Z_m0_9958_CCS_0_0_m0_9958_CCS_0_1_m0_9958_CCS_0_2_m0_9958_CCS_0_3_m0_9958_CCS_0_4_m0_9958_CCS_0_5_m0_9958_CCS_0_9_m0_9958_CCS_0_7_m0_9958_CCS_0_8_m0_9958_CCS_0_6_m0_9958_CCS_0_10_m0_9958_CCS_0_11_m0_9958_CCS_0_12_m0_9958_CCS_0_13_m0_9958_CCS_0_14_m0_9958_CCS_0_15_m0_9958_CCS_0_16_m0_9958_CCS_0_17_m0_9958_CCS_0_18_m0_9958_CCS_0_19_m0_9958_CCS_0_20_m0_9958_CCS_0_21_m0_9958_CCS_0_22_m0_9958_CCS_0_23_m0_9958_CCS_0_24_m0_9958_CCS_0_25_m0_9958_CCS_0_26_m0_9958_CCS_0_27_m1_13329_CCS_0_0_m1_13329_CCS_0_2_m1_13329_CCS_0_5_m1_13329_CCS_0_8_m1_13329_CCS_0_12_m1_13329_CCS_0_13_m1_13329_CCS_0_14_m1_13329_CCS_0_15_m1_13329_CCS_0_17_m1_13329_CCS_0_18_m1_13329_CCS_0_19_m1_13329_CCS_0_20_m1_13329_CCS_0_23_m1_13329_CCS_0_25_m1_13329_CCS_0_26_m1_13329_CCS_0_27_m1_13329_CCS_0_28_m1_13329_CCS_0_29_m1_13329_CCS_0_30_m1_13329_CCS_0_31_m1_13329_CCS_0_32_m1_13329_CCS_0_33_m1_13329_CCS_0_34_m1_13329_CCS_0_35_m1_13329_CCS_0_36_m10_7326_CCS_0_0_m10_7326_CCS_0_1_m10_7326_CCS_0_4_m10 138591 480869

			Previous gap was negative, modifying coordinates to ignore overlap
				Moving contig start from 138591 to 138786.
			Align 2: 198526 540609 m1376_4519_CCS_0_0_0_60031_60431_56949_CR_i_53294_BX_Z_m0_9958_CCS_0_0_m0_9958_CCS_0_1_m0_9958_CCS_0_2_m0_9958_CCS_0_3_m0_9958_CCS_0_4_m0_9958_CCS_0_5_m0_9958_CCS_0_9_m0_9958_CCS_0_7_m0_9958_CCS_0_8_m0_9958_CCS_0_6_m0_9958_CCS_0_10_m0_9958_CCS_0_11_m0_9958_CCS_0_12_m0_9958_CCS_0_13_m0_9958_CCS_0_14_m0_9958_CCS_0_15_m0_9958_CCS_0_16_m0_9958_CCS_0_17_m0_9958_CCS_0_18_m0_9958_CCS_0_19_m0_9958_CCS_0_20_m0_9958_CCS_0_21_m0_9958_CCS_0_22_m0_9958_CCS_0_23_m0_9958_CCS_0_24_m0_9958_CCS_0_25_m0_9958_CCS_0_26_m0_9958_CCS_0_27_m1_13329_CCS_0_0_m1_13329_CCS_0_2_m1_13329_CCS_0_5_m1_13329_CCS_0_8_m1_13329_CCS_0_12_m1_13329_CCS_0_13_m1_13329_CCS_0_14_m1_13329_CCS_0_15_m1_13329_CCS_0_17_m1_13329_CCS_0_18_m1_13329_CCS_0_19_m1_13329_CCS_0_20_m1_13329_CCS_0_23_m1_13329_CCS_0_25_m1_13329_CCS_0_26_m1_13329_CCS_0_27_m1_13329_CCS_0_28_m1_13329_CCS_0_29_m1_13329_CCS_0_30_m1_13329_CCS_0_31_m1_13329_CCS_0_32_m1_13329_CCS_0_33_m1_13329_CCS_0_34_m1_13329_CCS_0_35_m1_13329_CCS_0_36_m10_7326_CCS_0_0_m10_7326_CCS_0_1_m10_7326_CCS_0_4_m10 138786 480869
				Negative gap (overlap) between this and next alignment: 540609 to 540222 (-387 bp)
				Next Alignment: 540222 540703 m787_11293_CCS_0_9025_0_540221_540621_6338_CR_i_12_BX_Z_m1067_5657_CCS_0_15_m1118_8013_CCS_0_3_m1303_12452_CCS_0_20_m1789_17069_CCS_0_11_m2018_14378_CCS_0_18_m2409_14901_CCS_0_38_m2497_11629_CCS_0_2_m535_8033_CCS_0_16_m609_3483_CCS_0_4_m745_10396_CCS_0_14_m787_11293_CCS_0_25_m811_16658_CCS_0_4_EX_Z_400__0_540221_540621_400__0_540226_540626_400__0_540239_540639_400__0_540252_540652_400__0_540253_540653_400__0_540260_540660_400__0_540264_540664_400__0_540281_540681_400__0_540288_540688_400__0_540298_540698_400__0_540303_540703 1 482

			Previous gap was negative, modifying coordinates to ignore overlap
				Moving contig start from 1 to 390.
			Align 3: 540610 540703 m787_11293_CCS_0_9025_0_540221_540621_6338_CR_i_12_BX_Z_m1067_5657_CCS_0_15_m1118_8013_CCS_0_3_m1303_12452_CCS_0_20_m1789_17069_CCS_0_11_m2018_14378_CCS_0_18_m2409_14901_CCS_0_38_m2497_11629_CCS_0_2_m535_8033_CCS_0_16_m609_3483_CCS_0_4_m745_10396_CCS_0_14_m787_11293_CCS_0_25_m811_16658_CCS_0_4_EX_Z_400__0_540221_540621_400__0_540226_540626_400__0_540239_540639_400__0_540252_540652_400__0_540253_540653_400__0_540260_540660_400__0_540264_540664_400__0_540281_540681_400__0_540288_540688_400__0_540298_540698_400__0_540303_540703 390 482
				Negative gap (overlap) between this and next alignment: 540703 to 540362 (-341 bp)
				Next Alignment: 540362 599649 m459_9105_CCS_0_3249_0_540361_540761_49642_CR_i_5902_BX_Z_m1022_4381_CCS_0_5_m1022_4381_CCS_0_6_m1022_4381_CCS_0_7_m1022_4381_CCS_0_8_m1022_4381_CCS_0_9_m1022_4381_CCS_0_10_m1022_4381_CCS_0_11_m1022_4381_CCS_0_12_m1023_15993_CCS_0_0_m1023_15993_CCS_0_1_m1023_15993_CCS_0_2_m1023_15993_CCS_0_3_m1023_15993_CCS_0_6_m1023_15993_CCS_0_8_m1023_15993_CCS_0_7_m1023_15993_CCS_0_9_m1023_15993_CCS_0_10_m1023_15993_CCS_0_12_m1023_15993_CCS_0_13_m1023_15993_CCS_0_14_m1023_15993_CCS_0_15_m1023_15993_CCS_0_16_m1023_15993_CCS_0_17_m1023_15993_CCS_0_18_m1023_15993_CCS_0_19_m1023_15993_CCS_0_20_m1023_15993_CCS_0_21_m1023_15993_CCS_0_22_m1023_15993_CCS_0_23_m1023_15993_CCS_0_24_m1023_15993_CCS_0_25_m1023_15993_CCS_0_26_m1023_15993_CCS_0_27_m1023_15993_CCS_0_28_m1023_15993_CCS_0_29_m1023_15993_CCS_0_30_m1023_15993_CCS_0_31_m1023_15993_CCS_0_32_m1023_15993_CCS_0_35_m1023_15993_CCS_0_33_m1023_15993_CCS_0_34_m1023_15993_CCS_0_36_m1023_15993_CCS_0_37_m1023_15993_CCS_0_38_m1023_15993_CCS_0_39_m1023_15993_CCS_0_40_m1023_15993_CCS_0_ 1 59288

			Previous gap was negative, modifying coordinates to ignore overlap
				Moving contig start from 1 to 337.
			Align 4: 540704 599649 m459_9105_CCS_0_3249_0_540361_540761_49642_CR_i_5902_BX_Z_m1022_4381_CCS_0_5_m1022_4381_CCS_0_6_m1022_4381_CCS_0_7_m1022_4381_CCS_0_8_m1022_4381_CCS_0_9_m1022_4381_CCS_0_10_m1022_4381_CCS_0_11_m1022_4381_CCS_0_12_m1023_15993_CCS_0_0_m1023_15993_CCS_0_1_m1023_15993_CCS_0_2_m1023_15993_CCS_0_3_m1023_15993_CCS_0_6_m1023_15993_CCS_0_8_m1023_15993_CCS_0_7_m1023_15993_CCS_0_9_m1023_15993_CCS_0_10_m1023_15993_CCS_0_12_m1023_15993_CCS_0_13_m1023_15993_CCS_0_14_m1023_15993_CCS_0_15_m1023_15993_CCS_0_16_m1023_15993_CCS_0_17_m1023_15993_CCS_0_18_m1023_15993_CCS_0_19_m1023_15993_CCS_0_20_m1023_15993_CCS_0_21_m1023_15993_CCS_0_22_m1023_15993_CCS_0_23_m1023_15993_CCS_0_24_m1023_15993_CCS_0_25_m1023_15993_CCS_0_26_m1023_15993_CCS_0_27_m1023_15993_CCS_0_28_m1023_15993_CCS_0_29_m1023_15993_CCS_0_30_m1023_15993_CCS_0_31_m1023_15993_CCS_0_32_m1023_15993_CCS_0_35_m1023_15993_CCS_0_33_m1023_15993_CCS_0_34_m1023_15993_CCS_0_36_m1023_15993_CCS_0_37_m1023_15993_CCS_0_38_m1023_15993_CCS_0_39_m1023_15993_CCS_0_40_m1023_15993_CCS_0_ 337 59288
			END in gap: 599649 to 599940 (291 bp).

Analysis is finished!
Founded SNPs were written into /home6/yuchungong/siga/build/benchmark/diploid_config_simlord/config0/siga/contigs_reports/nucmer_output/uniq-contigs-contigs-contigs-contigs-contigs.used_snps.gz

Results:
	Local Misassemblies: 1
	Misassemblies: 0
		Relocations: 0
		Translocations: 0
		Inversions: 0
	Misassembled Contigs: 0
	Misassembled Contig Bases: 0
	Misassemblies Inter-Contig Overlap: 0
Uncovered Regions: 0 (0)
Unaligned Contigs: 0 + 0 part
Half Unaligned Contigs with Misassemblies: 0
Unaligned Contig Bases: 0

Ambiguously Mapped Contigs: 0
Total Bases in Ambiguously Mapped Contigs: 0
Extra Bases in Ambiguously Mapped Contigs: 0
Note that --allow-ambiguity option was set to "one" and only first alignment per each of these contigs was used.

	Covered Bases: 539618

	SNPs: 0
	Insertions: 1
	Deletions: 39

	Positive Gaps: 2
		Internal Gaps: 0
		External Gaps: 2
		External Gap Total: 60322
		External Gap Average: 30161
	Negative Gaps: 3
		Internal Overlaps: 1
		External Overlaps: 2
		External Overlaps Total: -728
		External Overlaps Average: -364
	Contigs with Redundant Alignments: 0 (0)
