/home/yuchungong/quast-5.0.2/quast.py --large --fragmented -t 18 -m 400 -o quast -r /home/yuchungong/LRTK-SIM/resource/chr19.fa ref.fa hifiasm-0000.fa siga-0000.fa hifiasm-0003.fa siga-0003.fa hifiasm-0015.fa siga-0015.fa hifiasm-0030.fa siga-0030.fa hifiasm-0100.fa siga-0100.fa

Version: 5.0.2

System information:
  OS: Linux-5.4.0-81-generic-x86_64-with-Ubuntu-18.04-bionic (linux_64)
  Python version: 2.7.17
  CPUs number: 112

Started: 2021-08-30 15:01:09

Logging to /home/yuchungong/siga/build/benchmark/diploid_config_simlord_chr19/quast/quast.log

CWD: /home/yuchungong/siga/build/benchmark/diploid_config_simlord_chr19
Main parameters: 
  MODE: large, threads: 18, eukaryotic: true, minimum contig length: 400, minimum alignment length: 500, \
  ambiguity: one, threshold for extensive misassembly size: 7000

WARNING: Can't draw plots: python-matplotlib is missing or corrupted.

Reference:
  /home/yuchungong/LRTK-SIM/resource/chr19.fa ==> chr19

Contigs:
  Pre-processing...
  1  ref.fa ==> ref
  2  hifiasm-0000.fa ==> hifiasm_0000
  3  siga-0000.fa ==> siga_0000
  4  hifiasm-0003.fa ==> hifiasm_0003
  5  siga-0003.fa ==> siga_0003
  6  hifiasm-0015.fa ==> hifiasm_0015
  7  siga-0015.fa ==> siga_0015
  8  hifiasm-0030.fa ==> hifiasm_0030
  9  siga-0030.fa ==> siga_0030
  10 hifiasm-0100.fa ==> hifiasm_0100
  11 siga-0100.fa ==> siga_0100

2021-08-30 15:01:14
Running Basic statistics processor...
  Reference genome:
    chr19.fa, length = 59128983, num fragments = 1, GC % = 48.36
  Contig files: 
    1  ref
    2  hifiasm_0000
    3  siga_0000
    4  hifiasm_0003
    5  siga_0003
    6  hifiasm_0015
    7  siga_0015
    8  hifiasm_0030
    9  siga_0030
    10 hifiasm_0100
    11 siga_0100
  Calculating N50 and L50...
    1  ref, N50 = 31387201, L50 = 1, Total length = 55808983, GC % = 48.36, # N's per 100 kbp =  0.00
    2  hifiasm_0000, N50 = 31387058, L50 = 1, Total length = 55807977, GC % = 48.36, # N's per 100 kbp =  0.00
    3  siga_0000, N50 = 31387058, L50 = 1, Total length = 55807977, GC % = 48.36, # N's per 100 kbp =  0.00
    4  hifiasm_0003, N50 = 31386334, L50 = 1, Total length = 55806379, GC % = 48.36, # N's per 100 kbp =  0.00
    5  siga_0003, N50 = 31386334, L50 = 1, Total length = 55828053, GC % = 48.36, # N's per 100 kbp =  0.00
    6  hifiasm_0015, N50 = 31386968, L50 = 1, Total length = 55807890, GC % = 48.36, # N's per 100 kbp =  0.00
    7  siga_0015, N50 = 31386968, L50 = 1, Total length = 55837237, GC % = 48.37, # N's per 100 kbp =  0.00
    8  hifiasm_0030, N50 = 31387150, L50 = 1, Total length = 55807593, GC % = 48.36, # N's per 100 kbp =  0.00
    9  siga_0030, N50 = 31387150, L50 = 1, Total length = 55823569, GC % = 48.36, # N's per 100 kbp =  0.00
    10 hifiasm_0100, N50 = 31386898, L50 = 1, Total length = 55807277, GC % = 48.36, # N's per 100 kbp =  0.00
    11 siga_0100, N50 = 31409632, L50 = 1, Total length = 55924712, GC % = 48.37, # N's per 100 kbp =  0.00
Done.

2021-08-30 15:01:36
Running Contig analyzer...
  1  ref
  1  Logging to files /home/yuchungong/siga/build/benchmark/diploid_config_simlord_chr19/quast/contigs_reports/contigs_report_ref.stdout and contigs_report_ref.stderr...
  1  Aligning contigs to the reference
  1  /home/yuchungong/quast-5.0.2/quast_libs/minimap2/minimap2 -c -x asm5 --mask-level \
     0.9 --min-occ 200 -g 2500 --score-N 2 --cs -t 1 quast/quast_corrected_input/chr19.fa \
     quast/quast_corrected_input/ref.fa > quast/contigs_reports/minimap_output/ref.coords_tmp \
     2>> quast/contigs_reports/contigs_report_ref.stderr
  2  hifiasm_0000
  2  Logging to files /home/yuchungong/siga/build/benchmark/diploid_config_simlord_chr19/quast/contigs_reports/contigs_report_hifiasm_0000.stdout and contigs_report_hifiasm_0000.stderr...
  2  Aligning contigs to the reference
  2  /home/yuchungong/quast-5.0.2/quast_libs/minimap2/minimap2 -c -x asm5 --mask-level \
     0.9 --min-occ 200 -g 2500 --score-N 2 --cs -t 1 quast/quast_corrected_input/chr19.fa \
     quast/quast_corrected_input/hifiasm_0000.fa > quast/contigs_reports/minimap_output/hifiasm_0000.coords_tmp \
     2>> quast/contigs_reports/contigs_report_hifiasm_0000.stderr
  3  siga_0000
  3  Logging to files /home/yuchungong/siga/build/benchmark/diploid_config_simlord_chr19/quast/contigs_reports/contigs_report_siga_0000.stdout and contigs_report_siga_0000.stderr...
  3  Aligning contigs to the reference
  3  /home/yuchungong/quast-5.0.2/quast_libs/minimap2/minimap2 -c -x asm5 --mask-level \
     0.9 --min-occ 200 -g 2500 --score-N 2 --cs -t 1 quast/quast_corrected_input/chr19.fa \
     quast/quast_corrected_input/siga_0000.fa > quast/contigs_reports/minimap_output/siga_0000.coords_tmp \
     2>> quast/contigs_reports/contigs_report_siga_0000.stderr
  4  hifiasm_0003
  4  Logging to files /home/yuchungong/siga/build/benchmark/diploid_config_simlord_chr19/quast/contigs_reports/contigs_report_hifiasm_0003.stdout and contigs_report_hifiasm_0003.stderr...
  4  Aligning contigs to the reference
  4  /home/yuchungong/quast-5.0.2/quast_libs/minimap2/minimap2 -c -x asm5 --mask-level \
     0.9 --min-occ 200 -g 2500 --score-N 2 --cs -t 1 quast/quast_corrected_input/chr19.fa \
     quast/quast_corrected_input/hifiasm_0003.fa > quast/contigs_reports/minimap_output/hifiasm_0003.coords_tmp \
     2>> quast/contigs_reports/contigs_report_hifiasm_0003.stderr
  5  siga_0003
  5  Logging to files /home/yuchungong/siga/build/benchmark/diploid_config_simlord_chr19/quast/contigs_reports/contigs_report_siga_0003.stdout and contigs_report_siga_0003.stderr...
  5  Aligning contigs to the reference
  5  /home/yuchungong/quast-5.0.2/quast_libs/minimap2/minimap2 -c -x asm5 --mask-level \
     0.9 --min-occ 200 -g 2500 --score-N 2 --cs -t 1 quast/quast_corrected_input/chr19.fa \
     quast/quast_corrected_input/siga_0003.fa > quast/contigs_reports/minimap_output/siga_0003.coords_tmp \
     2>> quast/contigs_reports/contigs_report_siga_0003.stderr
  6  hifiasm_0015
  6  Logging to files /home/yuchungong/siga/build/benchmark/diploid_config_simlord_chr19/quast/contigs_reports/contigs_report_hifiasm_0015.stdout and contigs_report_hifiasm_0015.stderr...
  6  Aligning contigs to the reference
  6  /home/yuchungong/quast-5.0.2/quast_libs/minimap2/minimap2 -c -x asm5 --mask-level \
     0.9 --min-occ 200 -g 2500 --score-N 2 --cs -t 1 quast/quast_corrected_input/chr19.fa \
     quast/quast_corrected_input/hifiasm_0015.fa > quast/contigs_reports/minimap_output/hifiasm_0015.coords_tmp \
     2>> quast/contigs_reports/contigs_report_hifiasm_0015.stderr
  7  siga_0015
  7  Logging to files /home/yuchungong/siga/build/benchmark/diploid_config_simlord_chr19/quast/contigs_reports/contigs_report_siga_0015.stdout and contigs_report_siga_0015.stderr...
  7  Aligning contigs to the reference
  7  /home/yuchungong/quast-5.0.2/quast_libs/minimap2/minimap2 -c -x asm5 --mask-level \
     0.9 --min-occ 200 -g 2500 --score-N 2 --cs -t 1 quast/quast_corrected_input/chr19.fa \
     quast/quast_corrected_input/siga_0015.fa > quast/contigs_reports/minimap_output/siga_0015.coords_tmp \
     2>> quast/contigs_reports/contigs_report_siga_0015.stderr
  8  hifiasm_0030
  8  Logging to files /home/yuchungong/siga/build/benchmark/diploid_config_simlord_chr19/quast/contigs_reports/contigs_report_hifiasm_0030.stdout and contigs_report_hifiasm_0030.stderr...
  8  Aligning contigs to the reference
  8  /home/yuchungong/quast-5.0.2/quast_libs/minimap2/minimap2 -c -x asm5 --mask-level \
     0.9 --min-occ 200 -g 2500 --score-N 2 --cs -t 1 quast/quast_corrected_input/chr19.fa \
     quast/quast_corrected_input/hifiasm_0030.fa > quast/contigs_reports/minimap_output/hifiasm_0030.coords_tmp \
     2>> quast/contigs_reports/contigs_report_hifiasm_0030.stderr
  9  siga_0030
  9  Logging to files /home/yuchungong/siga/build/benchmark/diploid_config_simlord_chr19/quast/contigs_reports/contigs_report_siga_0030.stdout and contigs_report_siga_0030.stderr...
  9  Aligning contigs to the reference
  9  /home/yuchungong/quast-5.0.2/quast_libs/minimap2/minimap2 -c -x asm5 --mask-level \
     0.9 --min-occ 200 -g 2500 --score-N 2 --cs -t 1 quast/quast_corrected_input/chr19.fa \
     quast/quast_corrected_input/siga_0030.fa > quast/contigs_reports/minimap_output/siga_0030.coords_tmp \
     2>> quast/contigs_reports/contigs_report_siga_0030.stderr
  10 hifiasm_0100
  10 Logging to files /home/yuchungong/siga/build/benchmark/diploid_config_simlord_chr19/quast/contigs_reports/contigs_report_hifiasm_0100.stdout and contigs_report_hifiasm_0100.stderr...
  10 Aligning contigs to the reference
  10 /home/yuchungong/quast-5.0.2/quast_libs/minimap2/minimap2 -c -x asm5 --mask-level \
     0.9 --min-occ 200 -g 2500 --score-N 2 --cs -t 1 quast/quast_corrected_input/chr19.fa \
     quast/quast_corrected_input/hifiasm_0100.fa > quast/contigs_reports/minimap_output/hifiasm_0100.coords_tmp \
     2>> quast/contigs_reports/contigs_report_hifiasm_0100.stderr
  11 siga_0100
  11 Logging to files /home/yuchungong/siga/build/benchmark/diploid_config_simlord_chr19/quast/contigs_reports/contigs_report_siga_0100.stdout and contigs_report_siga_0100.stderr...
  11 Aligning contigs to the reference
  11 /home/yuchungong/quast-5.0.2/quast_libs/minimap2/minimap2 -c -x asm5 --mask-level \
     0.9 --min-occ 200 -g 2500 --score-N 2 --cs -t 1 quast/quast_corrected_input/chr19.fa \
     quast/quast_corrected_input/siga_0100.fa > quast/contigs_reports/minimap_output/siga_0100.coords_tmp \
     2>> quast/contigs_reports/contigs_report_siga_0100.stderr
  1  Analysis is finished.

  2  Analysis is finished.

  3  Analysis is finished.

  4  Analysis is finished.

  5  Analysis is finished.

  6  Analysis is finished.

  7  Analysis is finished.

  8  Analysis is finished.

  9  Analysis is finished.

  10 Analysis is finished.

  11 Analysis is finished.

  Creating total report...
    saved to /home/yuchungong/siga/build/benchmark/diploid_config_simlord_chr19/quast/contigs_reports/misassemblies_report.txt, misassemblies_report.tsv, and misassemblies_report.tex
  Transposed version of total report...
    saved to /home/yuchungong/siga/build/benchmark/diploid_config_simlord_chr19/quast/contigs_reports/transposed_report_misassemblies.txt, transposed_report_misassemblies.tsv, and transposed_report_misassemblies.tex
  Creating total report...
    saved to /home/yuchungong/siga/build/benchmark/diploid_config_simlord_chr19/quast/contigs_reports/unaligned_report.txt, unaligned_report.tsv, and unaligned_report.tex
Done.

2021-08-30 15:02:55
Running NA-NGA calculation...
  1  ref, Largest alignment = 31387201, NA50 = 31387201, NGA50 = 31387201, LA50 = 1, LGA50 = 1
  2  hifiasm_0000, Largest alignment = 31387058, NA50 = 31387058, NGA50 = 31387058, LA50 = 1, LGA50 = 1
  3  siga_0000, Largest alignment = 31387058, NA50 = 31387058, NGA50 = 31387058, LA50 = 1, LGA50 = 1
  4  hifiasm_0003, Largest alignment = 31386334, NA50 = 31386334, NGA50 = 31386334, LA50 = 1, LGA50 = 1
  5  siga_0003, Largest alignment = 31386334, NA50 = 31386334, NGA50 = 31386334, LA50 = 1, LGA50 = 1
  6  hifiasm_0015, Largest alignment = 31386968, NA50 = 31386968, NGA50 = 31386968, LA50 = 1, LGA50 = 1
  7  siga_0015, Largest alignment = 31386968, NA50 = 31386968, NGA50 = 31386968, LA50 = 1, LGA50 = 1
  8  hifiasm_0030, Largest alignment = 31387150, NA50 = 31387150, NGA50 = 31387150, LA50 = 1, LGA50 = 1
  9  siga_0030, Largest alignment = 31387150, NA50 = 31387150, NGA50 = 31387150, LA50 = 1, LGA50 = 1
  10 hifiasm_0100, Largest alignment = 31386898, NA50 = 31386898, NGA50 = 31386898, LA50 = 1, LGA50 = 1
  11 siga_0100, Largest alignment = 31409632, NA50 = 31409632, NGA50 = 31409632, LA50 = 1, LGA50 = 1
Done.

2021-08-30 15:02:59
Running Genome analyzer...
  NOTICE: No file with genomic features were provided. Use the --features option if you want to specify it.

  NOTICE: No file with operons were provided. Use the -O option if you want to specify it.
  1  ref
  2  hifiasm_0000
  3  siga_0000
  4  hifiasm_0003
  5  siga_0003
  6  hifiasm_0015
  7  siga_0015
  8  hifiasm_0030
  9  siga_0030
  10 hifiasm_0100
  11 siga_0100
  1  Analysis is finished.
  2  Analysis is finished.
  3  Analysis is finished.
  4  Analysis is finished.
  5  Analysis is finished.
  6  Analysis is finished.
  7  Analysis is finished.
  8  Analysis is finished.
  9  Analysis is finished.
  10 Analysis is finished.
  11 Analysis is finished.
Done.

NOTICE: Genes are not predicted by default. Use --gene-finding or --glimmer option to enable it.

2021-08-30 15:03:10
Creating large visual summaries...
This may take a while: press Ctrl-C to skip this step..
  1 of 1: Creating Icarus viewers...
Done

2021-08-30 15:03:11
RESULTS:
  Text versions of total report are saved to /home/yuchungong/siga/build/benchmark/diploid_config_simlord_chr19/quast/report.txt, report.tsv, and report.tex
  Text versions of transposed total report are saved to /home/yuchungong/siga/build/benchmark/diploid_config_simlord_chr19/quast/transposed_report.txt, transposed_report.tsv, and transposed_report.tex
  HTML version (interactive tables and plots) is saved to /home/yuchungong/siga/build/benchmark/diploid_config_simlord_chr19/quast/report.html
  Icarus (contig browser) is saved to /home/yuchungong/siga/build/benchmark/diploid_config_simlord_chr19/quast/icarus.html
  Log is saved to /home/yuchungong/siga/build/benchmark/diploid_config_simlord_chr19/quast/quast.log

Finished: 2021-08-30 15:03:11
Elapsed time: 0:02:01.348269
NOTICEs: 3; WARNINGs: 1; non-fatal ERRORs: 0

Thank you for using QUAST!
