/home/yuchungong/quast-5.0.2/quast.py --large --fragmented -t 18 -m 400 -o siga -r /home/yuchungong/LRTK-SIM/resource/F.ananassa.fa uniq-contigs.fa

Version: 5.0.2, 0bb1dd1b

System information:
  OS: Linux-5.4.0-42-generic-x86_64-with-Ubuntu-18.04-bionic (linux_64)
  Python version: 2.7.17
  CPUs number: 112

Started: 2021-07-28 21:11:08

Logging to /home/yuchungong/siga/build/benchmark/diploid_config_simlord_F.ananassa/config0/siga/quast.log

CWD: /home/yuchungong/siga/build/benchmark/diploid_config_simlord_F.ananassa/config0
Main parameters: 
  MODE: large, threads: 18, eukaryotic: true, minimum contig length: 400, minimum alignment length: 500, \
  ambiguity: one, threshold for extensive misassembly size: 7000

WARNING: Can't draw plots: python-matplotlib is missing or corrupted.

Reference:
  /home/yuchungong/LRTK-SIM/resource/F.ananassa.fa ==> F.ananassa

Contigs:
  Pre-processing...
  uniq-contigs.fa ==> uniq_contigs

2021-07-28 21:11:42
Running Basic statistics processor...
  Reference genome:
    F.ananassa.fa, length = 805679811, num fragments = 204, GC % = 39.35
  Contig files: 
    uniq_contigs
  Calculating N50 and L50...
    uniq_contigs, N50 = 7469512, L50 = 35, Total length = 805432028, GC % = 39.35, # N's per 100 kbp =  0.00
Done.

2021-07-28 21:12:43
Running Contig analyzer...
  uniq_contigs
  Logging to files /home/yuchungong/siga/build/benchmark/diploid_config_simlord_F.ananassa/config0/siga/contigs_reports/contigs_report_uniq_contigs.stdout and contigs_report_uniq_contigs.stderr...
  Aligning contigs to the reference
  /home/yuchungong/quast-5.0.2/quast_libs/minimap2/minimap2 -c -x asm5 --mask-level \
  0.9 --min-occ 200 -g 2500 --score-N 2 --cs -t 18 siga/quast_corrected_input/F.ananassa.fa \
  siga/quast_corrected_input/uniq_contigs.fa > siga/contigs_reports/minimap_output/uniq_contigs.coords_tmp \
  2>> siga/contigs_reports/contigs_report_uniq_contigs.stderr
  Analysis is finished.

  Creating total report...
    saved to /home/yuchungong/siga/build/benchmark/diploid_config_simlord_F.ananassa/config0/siga/contigs_reports/misassemblies_report.txt, misassemblies_report.tsv, and misassemblies_report.tex
  Transposed version of total report...
    saved to /home/yuchungong/siga/build/benchmark/diploid_config_simlord_F.ananassa/config0/siga/contigs_reports/transposed_report_misassemblies.txt, transposed_report_misassemblies.tsv, and transposed_report_misassemblies.tex
  Creating total report...
    saved to /home/yuchungong/siga/build/benchmark/diploid_config_simlord_F.ananassa/config0/siga/contigs_reports/unaligned_report.txt, unaligned_report.tsv, and unaligned_report.tex
Done.

2021-07-28 21:16:41
Running NA-NGA calculation...
  uniq_contigs, Largest alignment = 17506248, NA50 = 7469512, NGA50 = 7469512, LA50 = 35, LGA50 = 35
Done.

2021-07-28 21:16:50
Running Genome analyzer...
  NOTICE: No file with genomic features were provided. Use the --features option if you want to specify it.

  NOTICE: No file with operons were provided. Use the -O option if you want to specify it.
  uniq_contigs
  Analysis is finished.
Done.

NOTICE: Genes are not predicted by default. Use --gene-finding or --glimmer option to enable it.

2021-07-28 21:18:29
Creating large visual summaries...
This may take a while: press Ctrl-C to skip this step..
  1 of 1: Creating Icarus viewers...
Done

2021-07-28 21:18:36
RESULTS:
  Text versions of total report are saved to /home/yuchungong/siga/build/benchmark/diploid_config_simlord_F.ananassa/config0/siga/report.txt, report.tsv, and report.tex
  Text versions of transposed total report are saved to /home/yuchungong/siga/build/benchmark/diploid_config_simlord_F.ananassa/config0/siga/transposed_report.txt, transposed_report.tsv, and transposed_report.tex
  HTML version (interactive tables and plots) is saved to /home/yuchungong/siga/build/benchmark/diploid_config_simlord_F.ananassa/config0/siga/report.html
  Icarus (contig browser) is saved to /home/yuchungong/siga/build/benchmark/diploid_config_simlord_F.ananassa/config0/siga/icarus.html
  Log is saved to /home/yuchungong/siga/build/benchmark/diploid_config_simlord_F.ananassa/config0/siga/quast.log

Finished: 2021-07-28 21:18:36
Elapsed time: 0:07:27.558237
NOTICEs: 3; WARNINGs: 1; non-fatal ERRORs: 0

Thank you for using QUAST!
