Aligning contigs to reference...
	Aligning contigs to the reference
Filtering alignments...
Parsing coords...
Loading reference...
	Loaded [chr19]
	Total Regions: 1
	Total Region Length: 59128983
Analyzing contigs...
CONTIG: chr19_0 (7286004bp)
Best alignment score: 7286004.0 (LEN: 7286004, IDY: 100.00), Total number of alignments: 1
		One align captures most of this contig: 60001 7346004 | 1 7286004 | 7286004 7286004 | 100.0 | chr19 chr19_0

CONTIG: chr19_1 (1291194bp)
Best alignment score: 1291194.0 (LEN: 1291194, IDY: 100.00), Total number of alignments: 1
		One align captures most of this contig: 7396005 8687198 | 1 1291194 | 1291194 1291194 | 100.0 | chr19 chr19_1

CONTIG: chr19_2 (11786217bp)
Best alignment score: 11786217.0 (LEN: 11786217, IDY: 100.00), Total number of alignments: 1
		One align captures most of this contig: 8737199 20523415 | 1 11786217 | 11786217 11786217 | 100.0 | chr19 chr19_2

CONTIG: chr19_3 (4058367bp)
Best alignment score: 4058367.0 (LEN: 4058367, IDY: 100.00), Total number of alignments: 1
		One align captures most of this contig: 20573416 24631782 | 1 4058367 | 4058367 4058367 | 100.0 | chr19 chr19_3

CONTIG: chr19_4 (31387201bp)
Best alignment score: 31387201.0 (LEN: 31387201, IDY: 100.00), Total number of alignments: 1
		One align captures most of this contig: 27731783 59118983 | 1 31387201 | 31387201 31387201 | 100.0 | chr19 chr19_4

Analyzing coverage...

Analysis is finished!

Results:
	Local Misassemblies: 0
	Misassemblies: 0
		Relocations: 0
		Translocations: 0
		Inversions: 0
	Scaffold gap extensive misassemblies: 0
	Scaffold gap local misassemblies: 0
	Misassemblies caused by transposable elements (TEs): 0
	Misassemblies caused by fragmented reference: 0
	Misassembled Contigs: 0
	Misassembled Contig Bases: 0
	Misassemblies Inter-Contig Overlap: 0
Unaligned Contigs: 0 + 0 part
Half Unaligned Contigs with Misassemblies: 0
Unaligned Contig Bases: 0

Ambiguously Mapped Contigs: 0
Total Bases in Ambiguously Mapped Contigs: 0
Extra Bases in Ambiguously Mapped Contigs: 0
Note that --allow-ambiguity option was set to "one" and only first alignment per each of these contigs was used.

	Covered Bases: 55808983

	SNPs: 0
	Insertions: 0
	Deletions: 0

