Aligning contigs to reference...
	Aligning contigs to the reference
Filtering alignments...
Parsing coords...
Loading reference...
	Loaded [chr19]
	Total Regions: 1
	Total Region Length: 59128983
Analyzing contigs...
CONTIG: ptg000001l (31387150bp)
Best alignment score: 31387150.0 (LEN: 31387150, IDY: 100.00), Total number of alignments: 1
		One align captures most of this contig: 27731820 59118969 | 1 31387150 | 31387150 31387150 | 100.0 | chr19 ptg000001l

CONTIG: ptg000002l (11786063bp)
Best alignment score: 11786045.0 (LEN: 11786045, IDY: 100.00), Total number of alignments: 1
		One align captures most of this contig: 8737263 20523308 | 19 11786063 | 11786046 11786045 | 100.0 | chr19 ptg000002l

CONTIG: ptg000003l (4058102bp)
Best alignment score: 4058102.0 (LEN: 4058102, IDY: 100.00), Total number of alignments: 1
		One align captures most of this contig: 20573419 24631520 | 1 4058102 | 4058102 4058102 | 100.0 | chr19 ptg000003l

CONTIG: ptg000004l (7285763bp)
Best alignment score: 7285763.0 (LEN: 7285763, IDY: 100.00), Total number of alignments: 1
		One align captures most of this contig: 60076 7345838 | 1 7285763 | 7285763 7285763 | 100.0 | chr19 ptg000004l

CONTIG: ptg000005l (1290515bp)
Best alignment score: 1290515.0 (LEN: 1290515, IDY: 100.00), Total number of alignments: 1
		One align captures most of this contig: 7396214 8686728 | 1 1290515 | 1290515 1290515 | 100.0 | chr19 ptg000005l

Analyzing coverage...

Analysis is finished!

Results:
	Local Misassemblies: 0
	Misassemblies: 0
		Relocations: 0
		Translocations: 0
		Inversions: 0
	Scaffold gap extensive misassemblies: 0
	Scaffold gap local misassemblies: 0
	Misassemblies caused by transposable elements (TEs): 0
	Misassemblies caused by fragmented reference: 0
	Misassembled Contigs: 0
	Misassembled Contig Bases: 0
	Misassemblies Inter-Contig Overlap: 0
Unaligned Contigs: 0 + 0 part
Half Unaligned Contigs with Misassemblies: 0
Unaligned Contig Bases: 0

Ambiguously Mapped Contigs: 0
Total Bases in Ambiguously Mapped Contigs: 0
Extra Bases in Ambiguously Mapped Contigs: 0
Note that --allow-ambiguity option was set to "one" and only first alignment per each of these contigs was used.

	Covered Bases: 55807576

	SNPs: 0
	Insertions: 0
	Deletions: 1

