Aligning contigs to reference...
	Aligning contigs to the reference
Filtering alignments...
Parsing coords...
Loading reference...
	Loaded [chr19]
	Total Regions: 1
	Total Region Length: 59128983
Analyzing contigs...
CONTIG: ptg000001l (7285749bp)
Best alignment score: 7285749.0 (LEN: 7285749, IDY: 100.00), Total number of alignments: 1
		One align captures most of this contig: 60028 7345776 | 7285749 1 | 7285749 7285749 | 100.0 | chr19 ptg000001l

CONTIG: ptg000002l (31386968bp)
Best alignment score: 31386968.0 (LEN: 31386968, IDY: 100.00), Total number of alignments: 1
		One align captures most of this contig: 27731895 59118862 | 31386968 1 | 31386968 31386968 | 100.0 | chr19 ptg000002l

CONTIG: ptg000003l (11786090bp)
Best alignment score: 11786090.0 (LEN: 11786090, IDY: 100.00), Total number of alignments: 1
		One align captures most of this contig: 8737269 20523358 | 11786090 1 | 11786090 11786090 | 100.0 | chr19 ptg000003l

CONTIG: ptg000004l (1290940bp)
Best alignment score: 1290940.0 (LEN: 1290940, IDY: 100.00), Total number of alignments: 1
		One align captures most of this contig: 7396244 8687183 | 1 1290940 | 1290940 1290940 | 100.0 | chr19 ptg000004l

CONTIG: ptg000005l (4058143bp)
Best alignment score: 4058143.0 (LEN: 4058143, IDY: 100.00), Total number of alignments: 1
		One align captures most of this contig: 20573597 24631739 | 1 4058143 | 4058143 4058143 | 100.0 | chr19 ptg000005l

Analyzing coverage...

Analysis is finished!

Results:
	Local Misassemblies: 0
	Misassemblies: 0
		Relocations: 0
		Translocations: 0
		Inversions: 0
	Scaffold gap extensive misassemblies: 0
	Scaffold gap local misassemblies: 0
	Misassemblies caused by transposable elements (TEs): 0
	Misassemblies caused by fragmented reference: 0
	Misassembled Contigs: 0
	Misassembled Contig Bases: 0
	Misassemblies Inter-Contig Overlap: 0
Unaligned Contigs: 0 + 0 part
Half Unaligned Contigs with Misassemblies: 0
Unaligned Contig Bases: 0

Ambiguously Mapped Contigs: 0
Total Bases in Ambiguously Mapped Contigs: 0
Extra Bases in Ambiguously Mapped Contigs: 0
Note that --allow-ambiguity option was set to "one" and only first alignment per each of these contigs was used.

	Covered Bases: 55807890

	SNPs: 0
	Insertions: 0
	Deletions: 0

